#
# There is insufficient memory for the Java Runtime Environment to continue.
# Native memory allocation (mmap) failed to map 131440640 bytes for committing reserved memory.
# Possible reasons:
#   The system is out of physical RAM or swap space
#   The process is running with CompressedOops enabled, and the Java Heap may be blocking the growth of the native heap
# Possible solutions:
#   Reduce memory load on the system
#   Increase physical memory or swap space
#   Check if swap backing store is full
#   Decrease Java heap size (-Xmx/-Xms)
#   Decrease number of Java threads
#   Decrease Java thread stack sizes (-Xss)
#   Set larger code cache with -XX:ReservedCodeCacheSize=
#   JVM is running with Unscaled Compressed Oops mode in which the Java heap is
#     placed in the first 4GB address space. The Java Heap base address is the
#     maximum limit for the native heap growth. Please use -XX:HeapBaseMinAddress
#     to set the Java Heap base and to place the Java Heap above 4GB virtual address.
# This output file may be truncated or incomplete.
#
#  Out of Memory Error (os_linux.cpp:2757), pid=28256, tid=0x00007f0b29e0a700
#
# JRE version: OpenJDK Runtime Environment (8.0_222-b10) (build 1.8.0_222-8u222-b10-1ubuntu1~16.04.1-b10)
# Java VM: OpenJDK 64-Bit Server VM (25.222-b10 mixed mode linux-amd64 compressed oops)
# Failed to write core dump. Core dumps have been disabled. To enable core dumping, try "ulimit -c unlimited" before starting Java again
#

---------------  T H R E A D  ---------------

Current thread (0x00007f0b24075800):  VMThread [stack: 0x00007f0b29d0a000,0x00007f0b29e0b000] [id=28270]

Stack: [0x00007f0b29d0a000,0x00007f0b29e0b000],  sp=0x00007f0b29e09540,  free space=1021k
Native frames: (J=compiled Java code, j=interpreted, Vv=VM code, C=native code)
V  [libjvm.so+0xa7787b]
V  [libjvm.so+0x4caa8c]
V  [libjvm.so+0x8c5da8]
V  [libjvm.so+0x8bd3ee]
V  [libjvm.so+0xa73fd4]
V  [libjvm.so+0x5cf9dd]
V  [libjvm.so+0x5d057d]
V  [libjvm.so+0x5bcf68]
V  [libjvm.so+0x45135f]
V  [libjvm.so+0xa78991]
V  [libjvm.so+0xa7e587]
V  [libjvm.so+0xa7bde7]
V  [libjvm.so+0xa7d0cf]
V  [libjvm.so+0xa7d5f2]
V  [libjvm.so+0x8c3102]

VM_Operation (0x00007f0b14ff67c0): GenCollectForAllocation, mode: safepoint, requested by thread 0x00007f0af82eb800


---------------  P R O C E S S  ---------------

Java Threads: ( => current thread )
  0x00007f0b05d3a800 JavaThread "broadcast-exchange-27" daemon [_thread_blocked, id=28381, stack(0x00007f0aeee39000,0x00007f0aeef3a000)]
  0x00007f0b05288000 JavaThread "broadcast-exchange-26" daemon [_thread_blocked, id=28380, stack(0x00007f0af23d1000,0x00007f0af24d2000)]
  0x00007f0b05287800 JavaThread "broadcast-exchange-25" daemon [_thread_blocked, id=28379, stack(0x00007f0aeea35000,0x00007f0aeeb36000)]
  0x00007f0b06388000 JavaThread "broadcast-exchange-24" daemon [_thread_blocked, id=28378, stack(0x00007f0aef63d000,0x00007f0aef73e000)]
  0x00007f0b08049000 JavaThread "Executor task launch worker for task 1872" daemon [_thread_blocked, id=28377, stack(0x00007f0aef13a000,0x00007f0aef23b000)]
  0x00007f0b08048000 JavaThread "Executor task launch worker for task 1871" daemon [_thread_blocked, id=28376, stack(0x00007f0af1445000,0x00007f0af1546000)]
  0x00007f0b0804c800 JavaThread "Executor task launch worker for task 1719" daemon [_thread_blocked, id=28375, stack(0x00007f0af1344000,0x00007f0af1445000)]
  0x00007f0b0804b800 JavaThread "Executor task launch worker for task 1720" daemon [_thread_blocked, id=28374, stack(0x00007f0af1546000,0x00007f0af1647000)]
  0x00007f0b0c00a800 JavaThread "block-manager-slave-async-thread-pool-14" daemon [_thread_blocked, id=28373, stack(0x00007f0aef83f000,0x00007f0aef940000)]
  0x00007f0b0c00a000 JavaThread "block-manager-slave-async-thread-pool-13" daemon [_thread_blocked, id=28372, stack(0x00007f0af1243000,0x00007f0af1344000)]
  0x00007f0b0c008800 JavaThread "block-manager-slave-async-thread-pool-12" daemon [_thread_blocked, id=28371, stack(0x00007f0aee532000,0x00007f0aee633000)]
  0x00007f0b06510800 JavaThread "broadcast-exchange-23" daemon [_thread_blocked, id=28370, stack(0x00007f0aee934000,0x00007f0aeea35000)]
  0x00007f0b06510000 JavaThread "broadcast-exchange-22" daemon [_thread_blocked, id=28369, stack(0x00007f0aeeb36000,0x00007f0aeec37000)]
  0x00007f0b0650f000 JavaThread "broadcast-exchange-21" daemon [_thread_blocked, id=28368, stack(0x00007f0aee833000,0x00007f0aee934000)]
  0x00007f0b0650e800 JavaThread "broadcast-exchange-20" daemon [_thread_blocked, id=28367, stack(0x00007f0aef43b000,0x00007f0aef53c000)]
  0x00007f0b0803d000 JavaThread "block-manager-slave-async-thread-pool-11" daemon [_thread_blocked, id=28366, stack(0x00007f0aeed38000,0x00007f0aeee39000)]
  0x00007f0b1015c000 JavaThread "block-manager-ask-thread-pool-2" daemon [_thread_blocked, id=28365, stack(0x00007f0aef73e000,0x00007f0aef83f000)]
  0x00007f0af835c000 JavaThread "Thread-18" [_thread_in_native, id=28325, stack(0x00007f0aefb40000,0x00007f0aefc41000)]
  0x00007f0b100a4000 JavaThread "task-result-getter-3" daemon [_thread_blocked, id=28324, stack(0x00007f0af0041000,0x00007f0af0142000)]
  0x00007f0b100f8000 JavaThread "task-result-getter-2" daemon [_thread_blocked, id=28323, stack(0x00007f0af1142000,0x00007f0af1243000)]
  0x00007f0b100df800 JavaThread "task-result-getter-1" daemon [_thread_blocked, id=28318, stack(0x00007f0af1647000,0x00007f0af1748000)]
  0x00007f0b08033800 JavaThread "task-result-getter-0" daemon [_thread_blocked, id=28317, stack(0x00007f0af1948000,0x00007f0af1a49000)]
  0x00007f0b054cf000 JavaThread "org.apache.hadoop.fs.FileSystem$Statistics$StatisticsDataReferenceCleaner" daemon [_thread_blocked, id=28315, stack(0x00007f0af2056000,0x00007f0af2157000)]
  0x00007f0b04b3c000 JavaThread "SparkListenerBus" daemon [_thread_blocked, id=28313, stack(0x00007f0af28d2000,0x00007f0af29d3000)]
  0x00007f0b04d11800 JavaThread "context-cleaner-periodic-gc" daemon [_thread_blocked, id=28312, stack(0x00007f0af29d3000,0x00007f0af2ad4000)]
  0x00007f0b04c8d000 JavaThread "Spark Context Cleaner" daemon [_thread_blocked, id=28311, stack(0x00007f0af2ad4000,0x00007f0af2bd5000)]
  0x00007f0b04794000 JavaThread "shuffle-server-5-1" daemon [_thread_in_native, id=28310, stack(0x00007f0af2dd5000,0x00007f0af2ed6000)]
  0x00007f0b0479d000 JavaThread "driver-heartbeater" daemon [_thread_blocked, id=28309, stack(0x00007f0af2ed6000,0x00007f0af2fd7000)]
  0x00007f0b0478c800 JavaThread "dag-scheduler-event-loop" daemon [_thread_blocked, id=28308, stack(0x00007f0af2fd7000,0x00007f0af30d8000)]
  0x0000000001b00800 JavaThread "netty-rpc-env-timeout" daemon [_thread_blocked, id=28307, stack(0x00007f0af30d8000,0x00007f0af31d9000)]
  0x00007f0b04935000 JavaThread "Timer-0" daemon [_thread_blocked, id=28306, stack(0x00007f0af31d9000,0x00007f0af32da000)]
  0x00007f0b1006c800 JavaThread "heartbeat-receiver-event-loop-thread" daemon [_thread_blocked, id=28305, stack(0x00007f0af32da000,0x00007f0af33db000)]
  0x00007f0b04986000 JavaThread "SparkUI-37" daemon [_thread_blocked, id=28304, stack(0x00007f0af33db000,0x00007f0af34dc000)]
  0x00007f0b04984000 JavaThread "SparkUI-36" daemon [_thread_blocked, id=28303, stack(0x00007f0af34dc000,0x00007f0af35dd000)]
  0x00007f0b04982800 JavaThread "SparkUI-35" daemon [_thread_blocked, id=28302, stack(0x00007f0af35dd000,0x00007f0af36de000)]
  0x00007f0b04981000 JavaThread "SparkUI-34" daemon [_thread_blocked, id=28301, stack(0x00007f0af36de000,0x00007f0af37df000)]
  0x00007f0b04735800 JavaThread "SparkUI-33" daemon [_thread_blocked, id=28300, stack(0x00007f0af37df000,0x00007f0af38e0000)]
  0x00007f0b04733800 JavaThread "SparkUI-32" daemon [_thread_blocked, id=28299, stack(0x00007f0af38e0000,0x00007f0af39e1000)]
  0x00007f0b04732000 JavaThread "SparkUI-31-acceptor-0@71ba336a-Spark@7f7dd32d{HTTP/1.1}{0.0.0.0:4040}" daemon [_thread_in_native, id=28298, stack(0x00007f0af39e1000,0x00007f0af3ae2000)]
  0x00007f0b04731000 JavaThread "SparkUI-30-selector-ServerConnectorManager@414e1750/0" daemon [_thread_in_native, id=28297, stack(0x00007f0af3ae2000,0x00007f0af3be3000)]
  0x00007f0b0460a000 JavaThread "refresh progress" daemon [_thread_blocked, id=28295, stack(0x00007f0af3de3000,0x00007f0af3ee4000)]
  0x00007f0b0465a800 JavaThread "map-output-dispatcher-7" daemon [_thread_blocked, id=28294, stack(0x00007f0af40e4000,0x00007f0af41e5000)]
  0x00007f0b04658800 JavaThread "map-output-dispatcher-6" daemon [_thread_blocked, id=28293, stack(0x00007f0af41e5000,0x00007f0af42e6000)]
  0x00007f0b0463c000 JavaThread "map-output-dispatcher-5" daemon [_thread_blocked, id=28292, stack(0x00007f0af42e6000,0x00007f0af43e7000)]
  0x00007f0b0463a000 JavaThread "map-output-dispatcher-4" daemon [_thread_blocked, id=28291, stack(0x00007f0af43e7000,0x00007f0af44e8000)]
  0x00007f0b04638800 JavaThread "map-output-dispatcher-3" daemon [_thread_blocked, id=28290, stack(0x00007f0af44e8000,0x00007f0af45e9000)]
  0x00007f0b046ae800 JavaThread "map-output-dispatcher-2" daemon [_thread_blocked, id=28289, stack(0x00007f0af45e9000,0x00007f0af46ea000)]
  0x00007f0b046ac800 JavaThread "map-output-dispatcher-1" daemon [_thread_blocked, id=28288, stack(0x00007f0af46ea000,0x00007f0af47eb000)]
  0x00007f0b0467d000 JavaThread "map-output-dispatcher-0" daemon [_thread_blocked, id=28287, stack(0x00007f0af47eb000,0x00007f0af48ec000)]
  0x00007f0b04602000 JavaThread "rpc-server-3-1" daemon [_thread_in_native, id=28286, stack(0x00007f0af48ec000,0x00007f0af49ed000)]
  0x00007f0b0438c000 JavaThread "dispatcher-event-loop-1" daemon [_thread_blocked, id=28285, stack(0x00007f0b140cf000,0x00007f0b141d0000)]
  0x00007f0b0438b800 JavaThread "dispatcher-event-loop-0" daemon [_thread_blocked, id=28284, stack(0x00007f0b147f4000,0x00007f0b148f5000)]
  0x00007f0af82eb800 JavaThread "Thread-2" [_thread_blocked, id=28280, stack(0x00007f0b14eff000,0x00007f0b15000000)]
  0x00007f0b24dae800 JavaThread "Thread-1" [_thread_in_native, id=28279, stack(0x00007f0b28076000,0x00007f0b28177000)]
  0x00007f0b24da1000 JavaThread "pool-1-thread-1" [_thread_blocked, id=28278, stack(0x00007f0b28377000,0x00007f0b28478000)]
  0x00007f0b240bb000 JavaThread "Service Thread" daemon [_thread_blocked, id=28276, stack(0x00007f0b2956c000,0x00007f0b2966d000)]
  0x00007f0b240b8000 JavaThread "C1 CompilerThread1" daemon [_thread_blocked, id=28275, stack(0x00007f0b2966d000,0x00007f0b2976e000)]
  0x00007f0b240b5800 JavaThread "C2 CompilerThread0" daemon [_thread_blocked, id=28274, stack(0x00007f0b2976e000,0x00007f0b2986f000)]
  0x00007f0b240b4000 JavaThread "Signal Dispatcher" daemon [_thread_blocked, id=28273, stack(0x00007f0b2986f000,0x00007f0b29970000)]
  0x00007f0b24082000 JavaThread "Finalizer" daemon [_thread_blocked, id=28272, stack(0x00007f0b29b08000,0x00007f0b29c09000)]
  0x00007f0b2407f800 JavaThread "Reference Handler" daemon [_thread_blocked, id=28271, stack(0x00007f0b29c09000,0x00007f0b29d0a000)]
  0x00007f0b24011800 JavaThread "main" [_thread_in_native, id=28269, stack(0x00007f0b2e510000,0x00007f0b2e611000)]

Other Threads:
=>0x00007f0b24075800 VMThread [stack: 0x00007f0b29d0a000,0x00007f0b29e0b000] [id=28270]
  0x00007f0b240be000 WatcherThread [stack: 0x00007f0b2946b000,0x00007f0b2956c000] [id=28277]

VM state:at safepoint (normal execution)

VM Mutex/Monitor currently owned by a thread:  ([mutex/lock_event])
[0x00007f0b2400def0] Threads_lock - owner thread: 0x00007f0b24075800
[0x00007f0b2400e3f0] Heap_lock - owner thread: 0x00007f0af82eb800

heap address: 0x00000000c0000000, size: 1024 MB, Compressed Oops mode: 32-bit
Narrow klass base: 0x0000000000000000, Narrow klass shift: 3
Compressed class space size: 1073741824 Address: 0x0000000100000000

Heap:
 def new generation   total 105280K, used 0K [0x00000000c0000000, 0x00000000c7230000, 0x00000000d5550000)
  eden space 93632K,   0% used [0x00000000c0000000, 0x00000000c0000000, 0x00000000c5b70000)
  from space 11648K,   0% used [0x00000000c66d0000, 0x00000000c66d0000, 0x00000000c7230000)
  to   space 11648K,   0% used [0x00000000c5b70000, 0x00000000c5b70000, 0x00000000c66d0000)
 tenured generation   total 250104K, used 227076K [0x00000000d5550000, 0x00000000e498e000, 0x0000000100000000)
   the space 250104K,  90% used [0x00000000d5550000, 0x00000000e3311398, 0x00000000e3311400, 0x00000000e498e000)
 Metaspace       used 75228K, capacity 76398K, committed 76632K, reserved 1116160K
  class space    used 10600K, capacity 10838K, committed 10840K, reserved 1048576K

Card table byte_map: [0x00007f0b2a9a7000,0x00007f0b2aba8000] byte_map_base: 0x00007f0b2a3a7000

Polling page: 0x00007f0b2e61c000

CodeCache: size=245760Kb used=31995Kb max_used=32251Kb free=213764Kb
 bounds [0x00007f0b15000000, 0x00007f0b16fd0000, 0x00007f0b24000000]
 total_blobs=11688 nmethods=11082 adapters=518
 compilation: enabled

Compilation events (10 events):
Event: 410.729 Thread 0x00007f0b240b8000 13723       2       org.apache.spark.sql.catalyst.expressions.EquivalentExpressions::addExprTree (115 bytes)
Event: 410.730 Thread 0x00007f0b240b8000 nmethod 13723 0x00007f0b15cddd90 code [0x00007f0b15cddf40, 0x00007f0b15cde3b8]
Event: 410.730 Thread 0x00007f0b240b8000 13722       2       scala.collection.AbstractSeq::toSeq (5 bytes)
Event: 410.730 Thread 0x00007f0b240b8000 nmethod 13722 0x00007f0b16a16790 code [0x00007f0b16a16900, 0x00007f0b16a16a60]
Event: 410.730 Thread 0x00007f0b240b8000 13721       2       scala.collection.mutable.MutableList::prependElem (43 bytes)
Event: 410.730 Thread 0x00007f0b240b8000 nmethod 13721 0x00007f0b15ea9b50 code [0x00007f0b15ea9cc0, 0x00007f0b15ea9f60]
Event: 410.730 Thread 0x00007f0b240b8000 13719       2       scala.collection.mutable.MutableList::result (5 bytes)
Event: 410.730 Thread 0x00007f0b240b8000 nmethod 13719 0x00007f0b15f86550 code [0x00007f0b15f866a0, 0x00007f0b15f867f0]
Event: 410.730 Thread 0x00007f0b240b8000 13720       2       scala.collection.mutable.MutableList::result (2 bytes)
Event: 410.731 Thread 0x00007f0b240b8000 nmethod 13720 0x00007f0b15f86210 code [0x00007f0b15f86360, 0x00007f0b15f864b0]

GC Heap History (10 events):
Event: 409.496 GC heap after
Heap after GC invocations=266 (full 11):
 def new generation   total 105280K, used 1179K [0x00000000c0000000, 0x00000000c7230000, 0x00000000d5550000)
  eden space 93632K,   0% used [0x00000000c0000000, 0x00000000c0000000, 0x00000000c5b70000)
  from space 11648K,  10% used [0x00000000c5b70000, 0x00000000c5c96fe0, 0x00000000c66d0000)
  to   space 11648K,   0% used [0x00000000c66d0000, 0x00000000c66d0000, 0x00000000c7230000)
 tenured generation   total 233716K, used 163280K [0x00000000d5550000, 0x00000000e398d000, 0x0000000100000000)
   the space 233716K,  69% used [0x00000000d5550000, 0x00000000df4c41e8, 0x00000000df4c4200, 0x00000000e398d000)
 Metaspace       used 75082K, capacity 76268K, committed 76376K, reserved 1114112K
  class space    used 10592K, capacity 10826K, committed 10840K, reserved 1048576K
}
Event: 409.765 GC heap before
{Heap before GC invocations=266 (full 11):
 def new generation   total 105280K, used 94811K [0x00000000c0000000, 0x00000000c7230000, 0x00000000d5550000)
  eden space 93632K, 100% used [0x00000000c0000000, 0x00000000c5b70000, 0x00000000c5b70000)
  from space 11648K,  10% used [0x00000000c5b70000, 0x00000000c5c96fe0, 0x00000000c66d0000)
  to   space 11648K,   0% used [0x00000000c66d0000, 0x00000000c66d0000, 0x00000000c7230000)
 tenured generation   total 233716K, used 163280K [0x00000000d5550000, 0x00000000e398d000, 0x0000000100000000)
   the space 233716K,  69% used [0x00000000d5550000, 0x00000000df4c41e8, 0x00000000df4c4200, 0x00000000e398d000)
 Metaspace       used 75082K, capacity 76268K, committed 76376K, reserved 1114112K
  class space    used 10592K, capacity 10826K, committed 10840K, reserved 1048576K
Event: 409.770 GC heap after
Heap after GC invocations=267 (full 11):
 def new generation   total 105280K, used 1230K [0x00000000c0000000, 0x00000000c7230000, 0x00000000d5550000)
  eden space 93632K,   0% used [0x00000000c0000000, 0x00000000c0000000, 0x00000000c5b70000)
  from space 11648K,  10% used [0x00000000c66d0000, 0x00000000c6803bb8, 0x00000000c7230000)
  to   space 11648K,   0% used [0x00000000c5b70000, 0x00000000c5b70000, 0x00000000c66d0000)
 tenured generation   total 233716K, used 163280K [0x00000000d5550000, 0x00000000e398d000, 0x0000000100000000)
   the space 233716K,  69% used [0x00000000d5550000, 0x00000000df4c41e8, 0x00000000df4c4200, 0x00000000e398d000)
 Metaspace       used 75082K, capacity 76268K, committed 76376K, reserved 1114112K
  class space    used 10592K, capacity 10826K, committed 10840K, reserved 1048576K
}
Event: 410.039 GC heap before
{Heap before GC invocations=267 (full 11):
 def new generation   total 105280K, used 94862K [0x00000000c0000000, 0x00000000c7230000, 0x00000000d5550000)
  eden space 93632K, 100% used [0x00000000c0000000, 0x00000000c5b70000, 0x00000000c5b70000)
  from space 11648K,  10% used [0x00000000c66d0000, 0x00000000c6803bb8, 0x00000000c7230000)
  to   space 11648K,   0% used [0x00000000c5b70000, 0x00000000c5b70000, 0x00000000c66d0000)
 tenured generation   total 233716K, used 163280K [0x00000000d5550000, 0x00000000e398d000, 0x0000000100000000)
   the space 233716K,  69% used [0x00000000d5550000, 0x00000000df4c41e8, 0x00000000df4c4200, 0x00000000e398d000)
 Metaspace       used 75082K, capacity 76268K, committed 76376K, reserved 1114112K
  class space    used 10592K, capacity 10826K, committed 10840K, reserved 1048576K
Event: 410.047 GC heap after
Heap after GC invocations=268 (full 11):
 def new generation   total 105280K, used 1440K [0x00000000c0000000, 0x00000000c7230000, 0x00000000d5550000)
  eden space 93632K,   0% used [0x00000000c0000000, 0x00000000c0000000, 0x00000000c5b70000)
  from space 11648K,  12% used [0x00000000c5b70000, 0x00000000c5cd8018, 0x00000000c66d0000)
  to   space 11648K,   0% used [0x00000000c66d0000, 0x00000000c66d0000, 0x00000000c7230000)
 tenured generation   total 233716K, used 163280K [0x00000000d5550000, 0x00000000e398d000, 0x0000000100000000)
   the space 233716K,  69% used [0x00000000d5550000, 0x00000000df4c41e8, 0x00000000df4c4200, 0x00000000e398d000)
 Metaspace       used 75082K, capacity 76268K, committed 76376K, reserved 1114112K
  class space    used 10592K, capacity 10826K, committed 10840K, reserved 1048576K
}
Event: 410.417 GC heap before
{Heap before GC invocations=268 (full 11):
 def new generation   total 105280K, used 99168K [0x00000000c0000000, 0x00000000c7230000, 0x00000000d5550000)
  eden space 93632K, 100% used [0x00000000c0000000, 0x00000000c5b70000, 0x00000000c5b70000)
  from space 11648K,  47% used [0x00000000c5b70000, 0x00000000c60d8028, 0x00000000c66d0000)
  to   space 11648K,   0% used [0x00000000c66d0000, 0x00000000c66d0000, 0x00000000c7230000)
 tenured generation   total 233716K, used 163280K [0x00000000d5550000, 0x00000000e398d000, 0x0000000100000000)
   the space 233716K,  69% used [0x00000000d5550000, 0x00000000df4c41e8, 0x00000000df4c4200, 0x00000000e398d000)
 Metaspace       used 75190K, capacity 76368K, committed 76376K, reserved 1114112K
  class space    used 10597K, capacity 10832K, committed 10840K, reserved 1048576K
Event: 410.433 GC heap after
Heap after GC invocations=269 (full 11):
 def new generation   total 105280K, used 11612K [0x00000000c0000000, 0x00000000c7230000, 0x00000000d5550000)
  eden space 93632K,   0% used [0x00000000c0000000, 0x00000000c0000000, 0x00000000c5b70000)
  from space 11648K,  99% used [0x00000000c66d0000, 0x00000000c72273d0, 0x00000000c7230000)
  to   space 11648K,   0% used [0x00000000c5b70000, 0x00000000c5b70000, 0x00000000c66d0000)
 tenured generation   total 233716K, used 167376K [0x00000000d5550000, 0x00000000e398d000, 0x0000000100000000)
   the space 233716K,  71% used [0x00000000d5550000, 0x00000000df8c41f8, 0x00000000df8c4200, 0x00000000e398d000)
 Metaspace       used 75190K, capacity 76368K, committed 76376K, reserved 1114112K
  class space    used 10597K, capacity 10832K, committed 10840K, reserved 1048576K
}
Event: 410.625 GC heap before
{Heap before GC invocations=269 (full 11):
 def new generation   total 105280K, used 98132K [0x00000000c0000000, 0x00000000c7230000, 0x00000000d5550000)
  eden space 93632K,  92% used [0x00000000c0000000, 0x00000000c547de00, 0x00000000c5b70000)
  from space 11648K,  99% used [0x00000000c66d0000, 0x00000000c72273d0, 0x00000000c7230000)
  to   space 11648K,   0% used [0x00000000c5b70000, 0x00000000c5b70000, 0x00000000c66d0000)
 tenured generation   total 233716K, used 167376K [0x00000000d5550000, 0x00000000e398d000, 0x0000000100000000)
   the space 233716K,  71% used [0x00000000d5550000, 0x00000000df8c41f8, 0x00000000df8c4200, 0x00000000e398d000)
 Metaspace       used 75207K, capacity 76398K, committed 76632K, reserved 1116160K
  class space    used 10600K, capacity 10838K, committed 10840K, reserved 1048576K
Event: 410.642 GC heap after
Heap after GC invocations=270 (full 11):
 def new generation   total 105280K, used 2203K [0x00000000c0000000, 0x00000000c7230000, 0x00000000d5550000)
  eden space 93632K,   0% used [0x00000000c0000000, 0x00000000c0000000, 0x00000000c5b70000)
  from space 11648K,  18% used [0x00000000c5b70000, 0x00000000c5d96c70, 0x00000000c66d0000)
  to   space 11648K,   0% used [0x00000000c66d0000, 0x00000000c66d0000, 0x00000000c7230000)
 tenured generation   total 233716K, used 185514K [0x00000000d5550000, 0x00000000e398d000, 0x0000000100000000)
   the space 233716K,  79% used [0x00000000d5550000, 0x00000000e0a7aab8, 0x00000000e0a7ac00, 0x00000000e398d000)
 Metaspace       used 75207K, capacity 76398K, committed 76632K, reserved 1116160K
  class space    used 10600K, capacity 10838K, committed 10840K, reserved 1048576K
}
Event: 410.739 GC heap before
{Heap before GC invocations=270 (full 11):
 def new generation   total 105280K, used 95772K [0x00000000c0000000, 0x00000000c7230000, 0x00000000d5550000)
  eden space 93632K,  99% used [0x00000000c0000000, 0x00000000c5b60578, 0x00000000c5b70000)
  from space 11648K,  18% used [0x00000000c5b70000, 0x00000000c5d96c70, 0x00000000c66d0000)
  to   space 11648K,   0% used [0x00000000c66d0000, 0x00000000c66d0000, 0x00000000c7230000)
 tenured generation   total 233716K, used 185514K [0x00000000d5550000, 0x00000000e398d000, 0x0000000100000000)
   the space 233716K,  79% used [0x00000000d5550000, 0x00000000e0a7aab8, 0x00000000e0a7ac00, 0x00000000e398d000)
 Metaspace       used 75228K, capacity 76398K, committed 76632K, reserved 1116160K
  class space    used 10600K, capacity 10838K, committed 10840K, reserved 1048576K

Deoptimization events (10 events):
Event: 410.303 Thread 0x00007f0af82eb800 Uncommon trap: reason=class_check action=maybe_recompile pc=0x00007f0b15fe8b54 method=org.apache.spark.sql.catalyst.plans.QueryPlan.org$apache$spark$sql$catalyst$plans$QueryPlan$$recursiveTransform$1(Ljava/lang/Object;Lscala/Function1;Lscala/runtime/Boole
Event: 410.314 Thread 0x00007f0af82eb800 Uncommon trap: reason=class_check action=maybe_recompile pc=0x00007f0b160250b0 method=org.apache.spark.sql.catalyst.plans.QueryPlan.org$apache$spark$sql$catalyst$plans$QueryPlan$$recursiveTransform$1(Ljava/lang/Object;Lscala/Function1;Lscala/runtime/Boole
Event: 410.337 Thread 0x00007f0af82eb800 Uncommon trap: reason=unstable_if action=reinterpret pc=0x00007f0b1675d438 method=org.apache.spark.sql.catalyst.expressions.AttributeReference.equals(Ljava/lang/Object;)Z @ 73
Event: 410.364 Thread 0x00007f0af82eb800 Uncommon trap: reason=bimorphic action=maybe_recompile pc=0x00007f0b161b6bd0 method=org.apache.spark.sql.catalyst.expressions.BoundReference.doGenCode(Lorg/apache/spark/sql/catalyst/expressions/codegen/CodegenContext;Lorg/apache/spark/sql/catalyst/express
Event: 410.364 Thread 0x00007f0af82eb800 Uncommon trap: reason=speculate_class_check action=maybe_recompile pc=0x00007f0b16d08e70 method=scala.Option.map(Lscala/Function1;)Lscala/Option; @ 1
Event: 410.364 Thread 0x00007f0af82eb800 Uncommon trap: reason=bimorphic action=maybe_recompile pc=0x00007f0b161b6bd0 method=org.apache.spark.sql.catalyst.expressions.BoundReference.doGenCode(Lorg/apache/spark/sql/catalyst/expressions/codegen/CodegenContext;Lorg/apache/spark/sql/catalyst/express
Event: 410.364 Thread 0x00007f0af82eb800 Uncommon trap: reason=bimorphic action=maybe_recompile pc=0x00007f0b161b6bd0 method=org.apache.spark.sql.catalyst.expressions.BoundReference.doGenCode(Lorg/apache/spark/sql/catalyst/expressions/codegen/CodegenContext;Lorg/apache/spark/sql/catalyst/express
Event: 410.364 Thread 0x00007f0af82eb800 Uncommon trap: reason=bimorphic action=maybe_recompile pc=0x00007f0b161b6bd0 method=org.apache.spark.sql.catalyst.expressions.BoundReference.doGenCode(Lorg/apache/spark/sql/catalyst/expressions/codegen/CodegenContext;Lorg/apache/spark/sql/catalyst/express
Event: 410.364 Thread 0x00007f0af82eb800 Uncommon trap: reason=speculate_class_check action=maybe_recompile pc=0x00007f0b16d08e70 method=scala.Option.map(Lscala/Function1;)Lscala/Option; @ 1
Event: 410.502 Thread 0x00007f0b08048000 Uncommon trap: reason=unstable_if action=reinterpret pc=0x00007f0b16b6b314 method=org.apache.spark.sql.execution.datasources.csv.CSVTypeCast$.castTo(Ljava/lang/String;Ljava/lang/String;Lorg/apache/spark/sql/types/DataType;ZLorg/apache/spark/sql/execution/

Classes redefined (0 events):
No events

Internal exceptions (10 events):
Event: 205.541 Thread 0x00007f0af82eb800 Exception <a 'java/lang/NoSuchMethodError': <clinit>> (0x00000000c1952798) thrown at [/build/openjdk-8-g3XteX/openjdk-8-8u222-b10/src/hotspot/src/share/vm/prims/jni.cpp, line 1615]
Event: 205.542 Thread 0x00007f0af82eb800 Exception <a 'java/lang/NoSuchMethodError': <clinit>> (0x00000000c19762e8) thrown at [/build/openjdk-8-g3XteX/openjdk-8-8u222-b10/src/hotspot/src/share/vm/prims/jni.cpp, line 1615]
Event: 205.543 Thread 0x00007f0af82eb800 Exception <a 'java/lang/NoSuchMethodError': <clinit>> (0x00000000c19b6de8) thrown at [/build/openjdk-8-g3XteX/openjdk-8-8u222-b10/src/hotspot/src/share/vm/prims/jni.cpp, line 1615]
Event: 205.549 Thread 0x00007f0af82eb800 Exception <a 'java/lang/NoSuchMethodError': <clinit>> (0x00000000c19d0710) thrown at [/build/openjdk-8-g3XteX/openjdk-8-8u222-b10/src/hotspot/src/share/vm/prims/jni.cpp, line 1615]
Event: 205.550 Thread 0x00007f0af82eb800 Exception <a 'java/lang/NoSuchMethodError': <clinit>> (0x00000000c19eb298) thrown at [/build/openjdk-8-g3XteX/openjdk-8-8u222-b10/src/hotspot/src/share/vm/prims/jni.cpp, line 1615]
Event: 205.551 Thread 0x00007f0af82eb800 Exception <a 'java/lang/NoSuchMethodError': <clinit>> (0x00000000c1a0af08) thrown at [/build/openjdk-8-g3XteX/openjdk-8-8u222-b10/src/hotspot/src/share/vm/prims/jni.cpp, line 1615]
Event: 205.576 Thread 0x00007f0af82eb800 Exception <a 'java/lang/NoSuchMethodError': <clinit>> (0x00000000c1c95ce0) thrown at [/build/openjdk-8-g3XteX/openjdk-8-8u222-b10/src/hotspot/src/share/vm/prims/jni.cpp, line 1615]
Event: 205.603 Thread 0x00007f0af82eb800 Exception <a 'java/lang/NoSuchMethodError': <clinit>> (0x00000000c22b5fb0) thrown at [/build/openjdk-8-g3XteX/openjdk-8-8u222-b10/src/hotspot/src/share/vm/prims/jni.cpp, line 1615]
Event: 205.603 Thread 0x00007f0af82eb800 Exception <a 'java/lang/NoSuchMethodError': <clinit>> (0x00000000c22d53d0) thrown at [/build/openjdk-8-g3XteX/openjdk-8-8u222-b10/src/hotspot/src/share/vm/prims/jni.cpp, line 1615]
Event: 205.631 Thread 0x00007f0af82eb800 Exception <a 'java/lang/NoSuchMethodError': <clinit>> (0x00000000c29ccea0) thrown at [/build/openjdk-8-g3XteX/openjdk-8-8u222-b10/src/hotspot/src/share/vm/prims/jni.cpp, line 1615]

Events (10 events):
Event: 410.644 Thread 0x00007f0b08048000 DEOPT PACKING pc=0x00007f0b156aa924 sp=0x00007f0af1543140
Event: 410.644 Thread 0x00007f0b08048000 DEOPT UNPACKING pc=0x00007f0b150474c4 sp=0x00007f0af1542ed8 mode 0
Event: 410.645 Executing VM operation: GenCollectForAllocation done
Event: 410.675 Thread 0x00007f0b08048000 DEOPT PACKING pc=0x00007f0b16127de1 sp=0x00007f0af1543a80
Event: 410.675 Thread 0x00007f0b08048000 DEOPT UNPACKING pc=0x00007f0b150474c4 sp=0x00007f0af15437f8 mode 0
Event: 410.688 Executing VM operation: RevokeBias
Event: 410.688 Executing VM operation: RevokeBias done
Event: 410.697 Thread 0x00007f0b08049000 DEOPT PACKING pc=0x00007f0b16115c45 sp=0x00007f0aef238a90
Event: 410.697 Thread 0x00007f0b08049000 DEOPT UNPACKING pc=0x00007f0b150474c4 sp=0x00007f0aef2387e0 mode 0
Event: 410.739 Executing VM operation: GenCollectForAllocation


Dynamic libraries:
00400000-00401000 r-xp 00000000 ca:01 286273                             /usr/lib/jvm/java-8-openjdk-amd64/jre/bin/java
00600000-00601000 r--p 00000000 ca:01 286273                             /usr/lib/jvm/java-8-openjdk-amd64/jre/bin/java
00601000-00602000 rw-p 00001000 ca:01 286273                             /usr/lib/jvm/java-8-openjdk-amd64/jre/bin/java
01add000-01b7e000 rw-p 00000000 00:00 0                                  [heap]
c0000000-c7230000 rw-p 00000000 00:00 0 
c7230000-d5550000 ---p 00000000 00:00 0 
d5550000-e498e000 rw-p 00000000 00:00 0 
ec6e8000-100000000 ---p 00000000 00:00 0 
100000000-100a96000 rw-p 00000000 00:00 0 
100a96000-140000000 ---p 00000000 00:00 0 
7f0aee332000-7f0aee372000 rw-p 00000000 00:00 0 
7f0aee372000-7f0aee532000 ---p 00000000 00:00 0 
7f0aee532000-7f0aee535000 ---p 00000000 00:00 0 
7f0aee535000-7f0aee833000 rw-p 00000000 00:00 0 
7f0aee833000-7f0aee836000 ---p 00000000 00:00 0 
7f0aee836000-7f0aee934000 rw-p 00000000 00:00 0 
7f0aee934000-7f0aee937000 ---p 00000000 00:00 0 
7f0aee937000-7f0aeea35000 rw-p 00000000 00:00 0 
7f0aeea35000-7f0aeea38000 ---p 00000000 00:00 0 
7f0aeea38000-7f0aeeb36000 rw-p 00000000 00:00 0 
7f0aeeb36000-7f0aeeb39000 ---p 00000000 00:00 0 
7f0aeeb39000-7f0aeec37000 rw-p 00000000 00:00 0 
7f0aeec37000-7f0aeec3a000 ---p 00000000 00:00 0 
7f0aeec3a000-7f0aeed38000 rw-p 00000000 00:00 0 
7f0aeed38000-7f0aeed3b000 ---p 00000000 00:00 0 
7f0aeed3b000-7f0aeee39000 rw-p 00000000 00:00 0 
7f0aeee39000-7f0aeee3c000 ---p 00000000 00:00 0 
7f0aeee3c000-7f0aef13a000 rw-p 00000000 00:00 0 
7f0aef13a000-7f0aef13d000 ---p 00000000 00:00 0 
7f0aef13d000-7f0aef43b000 rw-p 00000000 00:00 0 
7f0aef43b000-7f0aef43e000 ---p 00000000 00:00 0 
7f0aef43e000-7f0aef53c000 rw-p 00000000 00:00 0 
7f0aef53c000-7f0aef53f000 ---p 00000000 00:00 0 
7f0aef53f000-7f0aef63d000 rw-p 00000000 00:00 0 
7f0aef63d000-7f0aef640000 ---p 00000000 00:00 0 
7f0aef640000-7f0aef73e000 rw-p 00000000 00:00 0 
7f0aef73e000-7f0aef741000 ---p 00000000 00:00 0 
7f0aef741000-7f0aef83f000 rw-p 00000000 00:00 0 
7f0aef83f000-7f0aef842000 ---p 00000000 00:00 0 
7f0aef842000-7f0aefb40000 rw-p 00000000 00:00 0 
7f0aefb40000-7f0aefb43000 ---p 00000000 00:00 0 
7f0aefb43000-7f0aefe41000 rw-p 00000000 00:00 0 
7f0aefe41000-7f0af0041000 rw-p 00000000 00:00 0 
7f0af0041000-7f0af0044000 ---p 00000000 00:00 0 
7f0af0044000-7f0af0342000 rw-p 00000000 00:00 0 
7f0af0342000-7f0af0542000 rw-p 00000000 00:00 0 
7f0af0542000-7f0af0742000 rw-p 00000000 00:00 0 
7f0af0742000-7f0af0942000 rw-p 00000000 00:00 0 
7f0af0942000-7f0af0b42000 rw-p 00000000 00:00 0 
7f0af0b42000-7f0af0d42000 rw-p 00000000 00:00 0 
7f0af0d42000-7f0af0f42000 rw-p 00000000 00:00 0 
7f0af0f42000-7f0af1142000 rw-p 00000000 00:00 0 
7f0af1142000-7f0af1145000 ---p 00000000 00:00 0 
7f0af1145000-7f0af1243000 rw-p 00000000 00:00 0 
7f0af1243000-7f0af1246000 ---p 00000000 00:00 0 
7f0af1246000-7f0af1344000 rw-p 00000000 00:00 0 
7f0af1344000-7f0af1347000 ---p 00000000 00:00 0 
7f0af1347000-7f0af1445000 rw-p 00000000 00:00 0 
7f0af1445000-7f0af1448000 ---p 00000000 00:00 0 
7f0af1448000-7f0af1546000 rw-p 00000000 00:00 0 
7f0af1546000-7f0af1549000 ---p 00000000 00:00 0 
7f0af1549000-7f0af1647000 rw-p 00000000 00:00 0 
7f0af1647000-7f0af164a000 ---p 00000000 00:00 0 
7f0af164a000-7f0af1948000 rw-p 00000000 00:00 0 
7f0af1948000-7f0af194b000 ---p 00000000 00:00 0 
7f0af194b000-7f0af1c49000 rw-p 00000000 00:00 0 
7f0af1c49000-7f0af1c56000 r-xp 00000000 ca:01 59751                      /tmp/liblz4-java5482019751938736222.so
7f0af1c56000-7f0af1e55000 ---p 0000d000 ca:01 59751                      /tmp/liblz4-java5482019751938736222.so
7f0af1e55000-7f0af1e56000 rw-p 0000c000 ca:01 59751                      /tmp/liblz4-java5482019751938736222.so
7f0af1e56000-7f0af2056000 rw-p 00000000 00:00 0 
7f0af2056000-7f0af2059000 ---p 00000000 00:00 0 
7f0af2059000-7f0af2357000 rw-p 00000000 00:00 0 
7f0af23d1000-7f0af23d4000 ---p 00000000 00:00 0 
7f0af23d4000-7f0af26d2000 rw-p 00000000 00:00 0 
7f0af26d2000-7f0af28d2000 rw-p 00000000 00:00 0 
7f0af28d2000-7f0af28d5000 ---p 00000000 00:00 0 
7f0af28d5000-7f0af29d3000 rw-p 00000000 00:00 0 
7f0af29d3000-7f0af29d6000 ---p 00000000 00:00 0 
7f0af29d6000-7f0af2ad4000 rw-p 00000000 00:00 0 
7f0af2ad4000-7f0af2ad7000 ---p 00000000 00:00 0 
7f0af2ad7000-7f0af2dd5000 rw-p 00000000 00:00 0 
7f0af2dd5000-7f0af2dd8000 ---p 00000000 00:00 0 
7f0af2dd8000-7f0af2ed6000 rw-p 00000000 00:00 0 
7f0af2ed6000-7f0af2ed9000 ---p 00000000 00:00 0 
7f0af2ed9000-7f0af2fd7000 rw-p 00000000 00:00 0 
7f0af2fd7000-7f0af2fda000 ---p 00000000 00:00 0 
7f0af2fda000-7f0af30d8000 rw-p 00000000 00:00 0 
7f0af30d8000-7f0af30db000 ---p 00000000 00:00 0 
7f0af30db000-7f0af31d9000 rw-p 00000000 00:00 0 
7f0af31d9000-7f0af31dc000 ---p 00000000 00:00 0 
7f0af31dc000-7f0af32da000 rw-p 00000000 00:00 0 
7f0af32da000-7f0af32dd000 ---p 00000000 00:00 0 
7f0af32dd000-7f0af33db000 rw-p 00000000 00:00 0 
7f0af33db000-7f0af33de000 ---p 00000000 00:00 0 
7f0af33de000-7f0af34dc000 rw-p 00000000 00:00 0 
7f0af34dc000-7f0af34df000 ---p 00000000 00:00 0 
7f0af34df000-7f0af35dd000 rw-p 00000000 00:00 0 
7f0af35dd000-7f0af35e0000 ---p 00000000 00:00 0 
7f0af35e0000-7f0af36de000 rw-p 00000000 00:00 0 
7f0af36de000-7f0af36e1000 ---p 00000000 00:00 0 
7f0af36e1000-7f0af37df000 rw-p 00000000 00:00 0 
7f0af37df000-7f0af37e2000 ---p 00000000 00:00 0 
7f0af37e2000-7f0af38e0000 rw-p 00000000 00:00 0 
7f0af38e0000-7f0af38e3000 ---p 00000000 00:00 0 
7f0af38e3000-7f0af39e1000 rw-p 00000000 00:00 0 
7f0af39e1000-7f0af39e4000 ---p 00000000 00:00 0 
7f0af39e4000-7f0af3ae2000 rw-p 00000000 00:00 0 
7f0af3ae2000-7f0af3ae5000 ---p 00000000 00:00 0 
7f0af3ae5000-7f0af3de3000 rw-p 00000000 00:00 0 
7f0af3de3000-7f0af3de6000 ---p 00000000 00:00 0 
7f0af3de6000-7f0af40e4000 rw-p 00000000 00:00 0 
7f0af40e4000-7f0af40e7000 ---p 00000000 00:00 0 
7f0af40e7000-7f0af41e5000 rw-p 00000000 00:00 0 
7f0af41e5000-7f0af41e8000 ---p 00000000 00:00 0 
7f0af41e8000-7f0af42e6000 rw-p 00000000 00:00 0 
7f0af42e6000-7f0af42e9000 ---p 00000000 00:00 0 
7f0af42e9000-7f0af43e7000 rw-p 00000000 00:00 0 
7f0af43e7000-7f0af43ea000 ---p 00000000 00:00 0 
7f0af43ea000-7f0af44e8000 rw-p 00000000 00:00 0 
7f0af44e8000-7f0af44eb000 ---p 00000000 00:00 0 
7f0af44eb000-7f0af45e9000 rw-p 00000000 00:00 0 
7f0af45e9000-7f0af45ec000 ---p 00000000 00:00 0 
7f0af45ec000-7f0af46ea000 rw-p 00000000 00:00 0 
7f0af46ea000-7f0af46ed000 ---p 00000000 00:00 0 
7f0af46ed000-7f0af47eb000 rw-p 00000000 00:00 0 
7f0af47eb000-7f0af47ee000 ---p 00000000 00:00 0 
7f0af47ee000-7f0af48ec000 rw-p 00000000 00:00 0 
7f0af48ec000-7f0af48ef000 ---p 00000000 00:00 0 
7f0af48ef000-7f0af49ed000 rw-p 00000000 00:00 0 
7f0af49ed000-7f0af49fe000 r-xp 00000000 ca:01 286360                     /usr/lib/jvm/java-8-openjdk-amd64/jre/lib/amd64/libnio.so
7f0af49fe000-7f0af4bfd000 ---p 00011000 ca:01 286360                     /usr/lib/jvm/java-8-openjdk-amd64/jre/lib/amd64/libnio.so
7f0af4bfd000-7f0af4bfe000 r--p 00010000 ca:01 286360                     /usr/lib/jvm/java-8-openjdk-amd64/jre/lib/amd64/libnio.so
7f0af4bfe000-7f0af4bff000 rw-p 00011000 ca:01 286360                     /usr/lib/jvm/java-8-openjdk-amd64/jre/lib/amd64/libnio.so
7f0af4bff000-7f0af4dff000 rw-p 00000000 00:00 0 
7f0af4dff000-7f0af4fff000 rw-p 00000000 00:00 0 
7f0af4fff000-7f0af8000000 rw-p 00000000 00:00 0 
7f0af8000000-7f0af929d000 rw-p 00000000 00:00 0 
7f0af929d000-7f0afc000000 ---p 00000000 00:00 0 
7f0afc000000-7f0afc0a9000 rw-p 00000000 00:00 0 
7f0afc0a9000-7f0b00000000 ---p 00000000 00:00 0 
7f0b00000000-7f0b0017b000 rw-p 00000000 00:00 0 
7f0b0017b000-7f0b04000000 ---p 00000000 00:00 0 
7f0b04000000-7f0b06adf000 rw-p 00000000 00:00 0 
7f0b06adf000-7f0b08000000 ---p 00000000 00:00 0 
7f0b08000000-7f0b080a7000 rw-p 00000000 00:00 0 
7f0b080a7000-7f0b0c000000 ---p 00000000 00:00 0 
7f0b0c000000-7f0b0c04c000 rw-p 00000000 00:00 0 
7f0b0c04c000-7f0b10000000 ---p 00000000 00:00 0 
7f0b10000000-7f0b10556000 rw-p 00000000 00:00 0 
7f0b10556000-7f0b14000000 ---p 00000000 00:00 0 
7f0b140cf000-7f0b140d2000 ---p 00000000 00:00 0 
7f0b140d2000-7f0b141d0000 rw-p 00000000 00:00 0 
7f0b141d0000-7f0b141e7000 r-xp 00000000 ca:01 1984                       /lib/x86_64-linux-gnu/libresolv-2.23.so
7f0b141e7000-7f0b143e7000 ---p 00017000 ca:01 1984                       /lib/x86_64-linux-gnu/libresolv-2.23.so
7f0b143e7000-7f0b143e8000 r--p 00017000 ca:01 1984                       /lib/x86_64-linux-gnu/libresolv-2.23.so
7f0b143e8000-7f0b143e9000 rw-p 00018000 ca:01 1984                       /lib/x86_64-linux-gnu/libresolv-2.23.so
7f0b143e9000-7f0b143eb000 rw-p 00000000 00:00 0 
7f0b143eb000-7f0b143f0000 r-xp 00000000 ca:01 1990                       /lib/x86_64-linux-gnu/libnss_dns-2.23.so
7f0b143f0000-7f0b145f0000 ---p 00005000 ca:01 1990                       /lib/x86_64-linux-gnu/libnss_dns-2.23.so
7f0b145f0000-7f0b145f1000 r--p 00005000 ca:01 1990                       /lib/x86_64-linux-gnu/libnss_dns-2.23.so
7f0b145f1000-7f0b145f2000 rw-p 00006000 ca:01 1990                       /lib/x86_64-linux-gnu/libnss_dns-2.23.so
7f0b145f2000-7f0b145f3000 r-xp 00000000 ca:01 286366                     /usr/lib/jvm/java-8-openjdk-amd64/jre/lib/amd64/libjaas_unix.so
7f0b145f3000-7f0b147f2000 ---p 00001000 ca:01 286366                     /usr/lib/jvm/java-8-openjdk-amd64/jre/lib/amd64/libjaas_unix.so
7f0b147f2000-7f0b147f3000 r--p 00000000 ca:01 286366                     /usr/lib/jvm/java-8-openjdk-amd64/jre/lib/amd64/libjaas_unix.so
7f0b147f3000-7f0b147f4000 rw-p 00001000 ca:01 286366                     /usr/lib/jvm/java-8-openjdk-amd64/jre/lib/amd64/libjaas_unix.so
7f0b147f4000-7f0b147f7000 ---p 00000000 00:00 0 
7f0b147f7000-7f0b14af5000 rw-p 00000000 00:00 0 
7f0b14af5000-7f0b14cf5000 rw-p 00000000 00:00 0 
7f0b14cf5000-7f0b14cfe000 r-xp 00000000 ca:01 286338                     /usr/lib/jvm/java-8-openjdk-amd64/jre/lib/amd64/libmanagement.so
7f0b14cfe000-7f0b14efd000 ---p 00009000 ca:01 286338                     /usr/lib/jvm/java-8-openjdk-amd64/jre/lib/amd64/libmanagement.so
7f0b14efd000-7f0b14efe000 r--p 00008000 ca:01 286338                     /usr/lib/jvm/java-8-openjdk-amd64/jre/lib/amd64/libmanagement.so
7f0b14efe000-7f0b14eff000 rw-p 00009000 ca:01 286338                     /usr/lib/jvm/java-8-openjdk-amd64/jre/lib/amd64/libmanagement.so
7f0b14eff000-7f0b14f02000 ---p 00000000 00:00 0 
7f0b14f02000-7f0b15000000 rw-p 00000000 00:00 0 
7f0b15000000-7f0b16fd0000 rwxp 00000000 00:00 0 
7f0b16fd0000-7f0b24000000 ---p 00000000 00:00 0 
7f0b24000000-7f0b24df2000 rw-p 00000000 00:00 0 
7f0b24df2000-7f0b28000000 ---p 00000000 00:00 0 
7f0b28023000-7f0b28025000 r--s 00016000 ca:01 286312                     /usr/lib/jvm/java-8-openjdk-amd64/jre/lib/jce.jar
7f0b28025000-7f0b2802a000 r--s 000a3000 ca:01 286376                     /usr/lib/jvm/java-8-openjdk-amd64/jre/lib/jsse.jar
7f0b2802a000-7f0b2803d000 r--s 00346000 ca:01 286377                     /usr/lib/jvm/java-8-openjdk-amd64/jre/lib/resources.jar
7f0b2803d000-7f0b28040000 ---p 00000000 00:00 0 
7f0b28040000-7f0b28076000 rw-p 00000000 00:00 0 
7f0b28076000-7f0b28079000 ---p 00000000 00:00 0 
7f0b28079000-7f0b28377000 rw-p 00000000 00:00 0 
7f0b28377000-7f0b2837a000 ---p 00000000 00:00 0 
7f0b2837a000-7f0b28478000 rw-p 00000000 00:00 0 
7f0b28478000-7f0b2848e000 r-xp 00000000 ca:01 286343                     /usr/lib/jvm/java-8-openjdk-amd64/jre/lib/amd64/libnet.so
7f0b2848e000-7f0b2868e000 ---p 00016000 ca:01 286343                     /usr/lib/jvm/java-8-openjdk-amd64/jre/lib/amd64/libnet.so
7f0b2868e000-7f0b2868f000 r--p 00016000 ca:01 286343                     /usr/lib/jvm/java-8-openjdk-amd64/jre/lib/amd64/libnet.so
7f0b2868f000-7f0b28690000 rw-p 00017000 ca:01 286343                     /usr/lib/jvm/java-8-openjdk-amd64/jre/lib/amd64/libnet.so
7f0b28690000-7f0b28693000 r--s 00015000 ca:01 261533                     /home/ubuntu/spark-2.1.1-bin-hadoop2.7/jars/javax.servlet-api-3.1.0.jar
7f0b28693000-7f0b286bf000 r--s 001c9000 ca:01 261798                     /home/ubuntu/spark-2.1.1-bin-hadoop2.7/jars/shapeless_2.11-2.0.0.jar
7f0b286bf000-7f0b286ca000 r--s 000b0000 ca:01 261731                     /home/ubuntu/spark-2.1.1-bin-hadoop2.7/jars/jtransforms-2.4.0.jar
7f0b286ca000-7f0b286d0000 r--s 00043000 ca:01 261858                     /home/ubuntu/spark-2.1.1-bin-hadoop2.7/jars/commons-configuration-1.6.jar
7f0b286d0000-7f0b286d4000 r--s 00019000 ca:01 261784                     /home/ubuntu/spark-2.1.1-bin-hadoop2.7/jars/javax.ws.rs-api-2.0.1.jar
7f0b286d4000-7f0b286d6000 r--s 00009000 ca:01 261839                     /home/ubuntu/spark-2.1.1-bin-hadoop2.7/jars/commons-cli-1.2.jar
7f0b286d6000-7f0b286e0000 r--s 00095000 ca:01 261728                     /home/ubuntu/spark-2.1.1-bin-hadoop2.7/jars/scala-xml_2.11-1.0.2.jar
7f0b286e0000-7f0b286e5000 r--s 00031000 ca:01 261744                     /home/ubuntu/spark-2.1.1-bin-hadoop2.7/jars/parquet-hadoop-1.8.1.jar
7f0b286e5000-7f0b286e9000 r--s 00020000 ca:01 261720                     /home/ubuntu/spark-2.1.1-bin-hadoop2.7/jars/commons-digester-1.8.jar
7f0b286e9000-7f0b286eb000 r--s 00027000 ca:01 261790                     /home/ubuntu/spark-2.1.1-bin-hadoop2.7/jars/core-1.1.2.jar
7f0b286eb000-7f0b28702000 r--s 00183000 ca:01 261753                     /home/ubuntu/spark-2.1.1-bin-hadoop2.7/jars/hadoop-yarn-common-2.7.3.jar
7f0b28702000-7f0b28703000 r--s 00004000 ca:01 261711                     /home/ubuntu/spark-2.1.1-bin-hadoop2.7/jars/eigenbase-properties-1.1.5.jar
7f0b28703000-7f0b28709000 r--s 00044000 ca:01 261763                     /home/ubuntu/spark-2.1.1-bin-hadoop2.7/jars/antlr4-runtime-4.5.3.jar
7f0b28709000-7f0b2870b000 r--s 0000b000 ca:01 261840                     /home/ubuntu/spark-2.1.1-bin-hadoop2.7/jars/chill-java-0.8.0.jar
7f0b2870b000-7f0b28715000 r--s 00086000 ca:01 261718                     /home/ubuntu/spark-2.1.1-bin-hadoop2.7/jars/json4s-core_2.11-3.2.11.jar
7f0b28715000-7f0b28717000 r--s 0000f000 ca:01 261566                     /home/ubuntu/spark-2.1.1-bin-hadoop2.7/jars/activation-1.1.1.jar
7f0b28717000-7f0b2871b000 r--s 00031000 ca:01 261583                     /home/ubuntu/spark-2.1.1-bin-hadoop2.7/jars/jline-2.12.1.jar
7f0b2871b000-7f0b28721000 r--s 00028000 ca:01 261745                     /home/ubuntu/spark-2.1.1-bin-hadoop2.7/jars/curator-framework-2.6.0.jar
7f0b28721000-7f0b2872e000 r--s 000b1000 ca:01 261545                     /home/ubuntu/spark-2.1.1-bin-hadoop2.7/jars/hadoop-mapreduce-client-common-2.7.3.jar
7f0b2872e000-7f0b28730000 r--s 00009000 ca:01 261758                     /home/ubuntu/spark-2.1.1-bin-hadoop2.7/jars/jackson-module-paranamer-2.6.5.jar
7f0b28730000-7f0b28731000 r--s 00009000 ca:01 261845                     /home/ubuntu/spark-2.1.1-bin-hadoop2.7/jars/slf4j-api-1.7.16.jar
7f0b28731000-7f0b28732000 r--s 00004000 ca:01 261710                     /home/ubuntu/spark-2.1.1-bin-hadoop2.7/jars/jackson-jaxrs-1.9.13.jar
7f0b28732000-7f0b28734000 r--s 00012000 ca:01 261803                     /home/ubuntu/spark-2.1.1-bin-hadoop2.7/jars/api-util-1.0.0-M20.jar
7f0b28734000-7f0b2873c000 r--s 00066000 ca:01 261732                     /home/ubuntu/spark-2.1.1-bin-hadoop2.7/jars/apache-log4j-extras-1.2.17.jar
7f0b2873c000-7f0b2873e000 r--s 00004000 ca:01 261587                     /home/ubuntu/spark-2.1.1-bin-hadoop2.7/jars/stax-api-1.0-2.jar
7f0b2873e000-7f0b2874c000 r--s 00078000 ca:01 261756                     /home/ubuntu/spark-2.1.1-bin-hadoop2.7/jars/spark-mesos_2.11-2.1.1.jar
7f0b2874c000-7f0b2877a000 r--s 00212000 ca:01 261712                     /home/ubuntu/spark-2.1.1-bin-hadoop2.7/jars/spark-network-common_2.11-2.1.1.jar
7f0b2877a000-7f0b28782000 r--s 0006e000 ca:01 261765                     /home/ubuntu/spark-2.1.1-bin-hadoop2.7/jars/commons-lang3-3.5.jar
7f0b28782000-7f0b28783000 r--s 00009000 ca:01 261830                     /home/ubuntu/spark-2.1.1-bin-hadoop2.7/jars/hive-cli-1.2.1.spark2.jar
7f0b28783000-7f0b28799000 r--s 001a4000 ca:01 261613                     /home/ubuntu/spark-2.1.1-bin-hadoop2.7/jars/datanucleus-rdbms-3.2.9.jar
7f0b28799000-7f0b287aa000 r--s 0010d000 ca:01 261714                     /home/ubuntu/spark-2.1.1-bin-hadoop2.7/jars/jackson-databind-2.6.5.jar
7f0b287aa000-7f0b287ac000 r--s 0000a000 ca:01 261612                     /home/ubuntu/spark-2.1.1-bin-hadoop2.7/jars/spark-unsafe_2.11-2.1.1.jar
7f0b287ac000-7f0b287d0000 r--s 001cd000 ca:01 261855                     /home/ubuntu/spark-2.1.1-bin-hadoop2.7/jars/commons-math3-3.4.1.jar
7f0b287d0000-7f0b287d4000 r--s 0002a000 ca:01 261747                     /home/ubuntu/spark-2.1.1-bin-hadoop2.7/jars/commons-io-2.4.jar
7f0b287d4000-7f0b287dc000 r--s 00059000 ca:01 261611                     /home/ubuntu/spark-2.1.1-bin-hadoop2.7/jars/javolution-5.5.1.jar
7f0b287dc000-7f0b287dd000 r--s 00003000 ca:01 261568                     /home/ubuntu/spark-2.1.1-bin-hadoop2.7/jars/jta-1.1.jar
7f0b287dd000-7f0b287e0000 r--s 00009000 ca:01 261751                     /home/ubuntu/spark-2.1.1-bin-hadoop2.7/jars/jackson-annotations-2.6.5.jar
7f0b287e0000-7f0b28854000 r--s 00574000 ca:01 261739                     /home/ubuntu/spark-2.1.1-bin-hadoop2.7/jars/spark-mllib_2.11-2.1.1.jar
7f0b28854000-7f0b2886f000 r--s 001d8000 ca:01 261572                     /home/ubuntu/spark-2.1.1-bin-hadoop2.7/jars/jets3t-0.9.3.jar
7f0b2886f000-7f0b288fa000 r--s 0069e000 ca:01 261713                     /home/ubuntu/spark-2.1.1-bin-hadoop2.7/jars/spark-catalyst_2.11-2.1.1.jar
7f0b288fa000-7f0b288ff000 r--s 0002a000 ca:01 261576                     /home/ubuntu/spark-2.1.1-bin-hadoop2.7/jars/commons-beanutils-1.7.0.jar
7f0b288ff000-7f0b28901000 r--s 00006000 ca:01 261588                     /home/ubuntu/spark-2.1.1-bin-hadoop2.7/jars/paranamer-2.3.jar
7f0b28901000-7f0b28905000 r--s 0002c000 ca:01 261748                     /home/ubuntu/spark-2.1.1-bin-hadoop2.7/jars/avro-ipc-1.7.7.jar
7f0b28905000-7f0b28906000 r--s 00003000 ca:01 261594                     /home/ubuntu/spark-2.1.1-bin-hadoop2.7/jars/xmlenc-0.52.jar
7f0b28906000-7f0b28923000 r--s 001d5000 ca:01 261860                     /home/ubuntu/spark-2.1.1-bin-hadoop2.7/jars/hadoop-yarn-api-2.7.3.jar
7f0b28923000-7f0b28924000 r--s 00004000 ca:01 261716                     /home/ubuntu/spark-2.1.1-bin-hadoop2.7/jars/opencsv-2.3.jar
7f0b28924000-7f0b28928000 r--s 00014000 ca:01 261856                     /home/ubuntu/spark-2.1.1-bin-hadoop2.7/jars/xz-1.0.jar
7f0b28928000-7f0b2892b000 r--s 000fd000 ca:01 261604                     /home/ubuntu/spark-2.1.1-bin-hadoop2.7/jars/leveldbjni-all-1.8.jar
7f0b2892b000-7f0b28931000 r--s 00063000 ca:01 261849                     /home/ubuntu/spark-2.1.1-bin-hadoop2.7/jars/jodd-core-3.5.2.jar
7f0b28931000-7f0b28935000 r--s 00030000 ca:01 261532                     /home/ubuntu/spark-2.1.1-bin-hadoop2.7/jars/commons-net-2.2.jar
7f0b28935000-7f0b28939000 r--s 00028000 ca:01 261608                     /home/ubuntu/spark-2.1.1-bin-hadoop2.7/jars/spark-mllib-local_2.11-2.1.1.jar
7f0b28939000-7f0b28940000 r--s 0007d000 ca:01 261722                     /home/ubuntu/spark-2.1.1-bin-hadoop2.7/jars/jetty-6.1.26.jar
7f0b28940000-7f0b28943000 r--s 0002f000 ca:01 261546                     /home/ubuntu/spark-2.1.1-bin-hadoop2.7/jars/RoaringBitmap-0.5.11.jar
7f0b28943000-7f0b28944000 r--s 00004000 ca:01 261866                     /home/ubuntu/spark-2.1.1-bin-hadoop2.7/jars/osgi-resource-locator-1.0.1.jar
7f0b28944000-7f0b28965000 r--s 0019b000 ca:01 261796                     /home/ubuntu/spark-2.1.1-bin-hadoop2.7/jars/spark-hive-thriftserver_2.11-2.1.1.jar
7f0b28965000-7f0b2896a000 r--s 00041000 ca:01 261740                     /home/ubuntu/spark-2.1.1-bin-hadoop2.7/jars/commons-lang-2.6.jar
7f0b2896a000-7f0b2896c000 r--s 00020000 ca:01 261749                     /home/ubuntu/spark-2.1.1-bin-hadoop2.7/jars/hive-beeline-1.2.1.spark2.jar
7f0b2896c000-7f0b28973000 r--s 00049000 ca:01 261736                     /home/ubuntu/spark-2.1.1-bin-hadoop2.7/jars/httpcore-4.4.4.jar
7f0b28973000-7f0b28975000 r--s 00014000 ca:01 261717                     /home/ubuntu/spark-2.1.1-bin-hadoop2.7/jars/spire-macros_2.11-0.7.4.jar
7f0b28975000-7f0b28976000 r--s 00001000 ca:01 261621                     /home/ubuntu/spark-2.1.1-bin-hadoop2.7/jars/pmml-schema-1.2.15.jar
7f0b28976000-7f0b2897a000 r--s 00028000 ca:01 261573                     /home/ubuntu/spark-2.1.1-bin-hadoop2.7/jars/jetty-util-6.1.26.jar
7f0b2897a000-7f0b2897d000 r--s 00006000 ca:01 261721                     /home/ubuntu/spark-2.1.1-bin-hadoop2.7/jars/jsr305-1.3.9.jar
7f0b2897d000-7f0b28984000 r--s 0005d000 ca:01 261793                     /home/ubuntu/spark-2.1.1-bin-hadoop2.7/jars/mx4j-3.0.2.jar
7f0b28984000-7f0b28986000 r--s 0000e000 ca:01 261821                     /home/ubuntu/spark-2.1.1-bin-hadoop2.7/jars/guice-servlet-3.0.jar
7f0b28986000-7f0b2898e000 r--s 0007b000 ca:01 261737                     /home/ubuntu/spark-2.1.1-bin-hadoop2.7/jars/protobuf-java-2.5.0.jar
7f0b2898e000-7f0b28997000 r--s 00062000 ca:01 261580                     /home/ubuntu/spark-2.1.1-bin-hadoop2.7/jars/avro-1.7.7.jar
7f0b28997000-7f0b28999000 r--s 00003000 ca:01 261733                     /home/ubuntu/spark-2.1.1-bin-hadoop2.7/jars/jcl-over-slf4j-1.7.16.jar
7f0b28999000-7f0b28a69000 r--s 00cf0000 ca:01 261540                     /home/ubuntu/spark-2.1.1-bin-hadoop2.7/jars/breeze_2.11-0.12.jar
7f0b28a69000-7f0b28a6a000 r--s 00002000 ca:01 261619                     /home/ubuntu/spark-2.1.1-bin-hadoop2.7/jars/slf4j-log4j12-1.7.16.jar
7f0b28a6a000-7f0b28a6c000 r--s 00006000 ca:01 261578                     /home/ubuntu/spark-2.1.1-bin-hadoop2.7/jars/spark-sketch_2.11-2.1.1.jar
7f0b28a6c000-7f0b28a71000 r--s 00068000 ca:01 261791                     /home/ubuntu/spark-2.1.1-bin-hadoop2.7/jars/antlr-2.7.7.jar
7f0b28a71000-7f0b28a73000 r--s 00000000 ca:01 261759                     /home/ubuntu/spark-2.1.1-bin-hadoop2.7/jars/aopalliance-1.0.jar
7f0b28a73000-7f0b28a75000 r--s 00012000 ca:01 261730                     /home/ubuntu/spark-2.1.1-bin-hadoop2.7/jars/compress-lzf-1.0.3.jar
7f0b28a75000-7f0b28a82000 r--s 0009e000 ca:01 261822                     /home/ubuntu/spark-2.1.1-bin-hadoop2.7/jars/spark-graphx_2.11-2.1.1.jar
7f0b28a82000-7f0b28a87000 r--s 00028000 ca:01 261841                     /home/ubuntu/spark-2.1.1-bin-hadoop2.7/jars/avro-mapred-1.7.7-hadoop2.jar
7f0b28a87000-7f0b28a9d000 r--s 00124000 ca:01 261833                     /home/ubuntu/spark-2.1.1-bin-hadoop2.7/jars/ivy-2.4.0.jar
7f0b28a9d000-7f0b28aa5000 r--s 00078000 ca:01 261805                     /home/ubuntu/spark-2.1.1-bin-hadoop2.7/jars/mail-1.4.7.jar
7f0b28aa5000-7f0b28aaa000 r--s 0004e000 ca:01 261582                     /home/ubuntu/spark-2.1.1-bin-hadoop2.7/jars/datanucleus-api-jdo-3.2.6.jar
7f0b28aaa000-7f0b28b82000 r--s 00a88000 ca:01 261543                     /home/ubuntu/spark-2.1.1-bin-hadoop2.7/jars/spark-core_2.11-2.1.1.jar
7f0b28b82000-7f0b28b9a000 r--s 001b6000 ca:01 261569                     /home/ubuntu/spark-2.1.1-bin-hadoop2.7/jars/datanucleus-core-3.2.10.jar
7f0b28b9a000-7f0b28bae000 r--s 000ec000 ca:01 261539                     /home/ubuntu/spark-2.1.1-bin-hadoop2.7/jars/parquet-jackson-1.8.1.jar
7f0b28bae000-7f0b28bb0000 r--s 0000e000 ca:01 261785                     /home/ubuntu/spark-2.1.1-bin-hadoop2.7/jars/hadoop-mapreduce-client-jobclient-2.7.3.jar
7f0b28bb0000-7f0b28bb2000 r--s 0000e000 ca:01 261536                     /home/ubuntu/spark-2.1.1-bin-hadoop2.7/jars/oro-2.0.8.jar
7f0b28bb2000-7f0b28bb4000 r--s 00003000 ca:01 261826                     /home/ubuntu/spark-2.1.1-bin-hadoop2.7/jars/JavaEWAH-0.3.2.jar
7f0b28bb4000-7f0b28bb6000 r--s 0000f000 ca:01 261757                     /home/ubuntu/spark-2.1.1-bin-hadoop2.7/jars/spark-launcher_2.11-2.1.1.jar
7f0b28bb6000-7f0b28bd8000 r--s 00335000 ca:01 261750                     /home/ubuntu/spark-2.1.1-bin-hadoop2.7/jars/mesos-1.0.0-shaded-protobuf.jar
7f0b28bd8000-7f0b28bd9000 r--s 00001000 ca:01 261610                     /home/ubuntu/spark-2.1.1-bin-hadoop2.7/jars/minlog-1.3.0.jar
7f0b28bd9000-7f0b28bdc000 r--s 0001a000 ca:01 261834                     /home/ubuntu/spark-2.1.1-bin-hadoop2.7/jars/py4j-0.10.4.jar
7f0b28bdc000-7f0b28bdd000 r--s 00009000 ca:01 261601                     /home/ubuntu/spark-2.1.1-bin-hadoop2.7/jars/json4s-jackson_2.11-3.2.11.jar
7f0b28bdd000-7f0b28bdf000 r--s 0000d000 ca:01 261725                     /home/ubuntu/spark-2.1.1-bin-hadoop2.7/jars/hadoop-yarn-server-web-proxy-2.7.3.jar
7f0b28bdf000-7f0b28c42000 r--s 004de000 ca:01 261719                     /home/ubuntu/spark-2.1.1-bin-hadoop2.7/jars/hive-metastore-1.2.1.spark2.jar
7f0b28c42000-7f0b28c49000 r--s 00039000 ca:01 261727                     /home/ubuntu/spark-2.1.1-bin-hadoop2.7/jars/calcite-avatica-1.2.0-incubating.jar
7f0b28c49000-7f0b28c50000 r--s 0003f000 ca:01 261603                     /home/ubuntu/spark-2.1.1-bin-hadoop2.7/jars/commons-codec-1.10.jar
7f0b28c50000-7f0b28c52000 r--s 00100000 ca:01 261842                     /home/ubuntu/spark-2.1.1-bin-hadoop2.7/jars/snappy-java-1.1.2.6.jar
7f0b28c52000-7f0b28c56000 r--s 00029000 ca:01 261591                     /home/ubuntu/spark-2.1.1-bin-hadoop2.7/jars/hk2-locator-2.4.0-b34.jar
7f0b28c56000-7f0b28c59000 r--s 0000d000 ca:01 261742                     /home/ubuntu/spark-2.1.1-bin-hadoop2.7/jars/spark-network-shuffle_2.11-2.1.1.jar
7f0b28c59000-7f0b28c5a000 r--s 00006000 ca:01 261788                     /home/ubuntu/spark-2.1.1-bin-hadoop2.7/jars/jackson-xc-1.9.13.jar
7f0b28c5a000-7f0b28c70000 r--s 000d1000 ca:01 261585                     /home/ubuntu/spark-2.1.1-bin-hadoop2.7/jars/parquet-column-1.8.1.jar
7f0b28c70000-7f0b28c95000 rw-p 00000000 00:00 0 
7f0b28c95000-7f0b28da1000 r--s 00dba000 ca:01 261859                     /home/ubuntu/spark-2.1.1-bin-hadoop2.7/jars/scala-compiler-2.11.8.jar
7f0b28da1000-7f0b28da2000 r--s 00002000 ca:01 261764                     /home/ubuntu/spark-2.1.1-bin-hadoop2.7/jars/jpam-1.1.jar
7f0b28da2000-7f0b28db1000 r--s 0009f000 ca:01 261734                     /home/ubuntu/spark-2.1.1-bin-hadoop2.7/jars/guice-3.0.jar
7f0b28db1000-7f0b28dca000 r--s 00150000 ca:01 261626                     /home/ubuntu/spark-2.1.1-bin-hadoop2.7/jars/htrace-core-3.1.0-incubating.jar
7f0b28dca000-7f0b28de0000 r--s 000d3000 ca:01 261625                     /home/ubuntu/spark-2.1.1-bin-hadoop2.7/jars/jersey-server-2.22.2.jar
7f0b28de0000-7f0b28de2000 r--s 00008000 ca:01 261581                     /home/ubuntu/spark-2.1.1-bin-hadoop2.7/jars/parquet-common-1.8.1.jar
7f0b28de2000-7f0b28de4000 r--s 00002000 ca:01 261606                     /home/ubuntu/spark-2.1.1-bin-hadoop2.7/jars/aopalliance-repackaged-2.4.0-b34.jar
7f0b28de4000-7f0b28de8000 r--s 0003c000 ca:01 261854                     /home/ubuntu/spark-2.1.1-bin-hadoop2.7/jars/jackson-core-2.6.5.jar
7f0b28de8000-7f0b28df3000 r--s 00062000 ca:01 261729                     /home/ubuntu/spark-2.1.1-bin-hadoop2.7/jars/calcite-linq4j-1.2.0-incubating.jar
7f0b28df3000-7f0b28e29000 r--s 0031c000 ca:01 261565                     /home/ubuntu/spark-2.1.1-bin-hadoop2.7/jars/hadoop-common-2.7.3.jar
7f0b28e29000-7f0b28e2d000 r--s 0001a000 ca:01 261579                     /home/ubuntu/spark-2.1.1-bin-hadoop2.7/jars/hk2-utils-2.4.0-b34.jar
7f0b28e2d000-7f0b28e39000 r--s 000b6000 ca:01 261831                     /home/ubuntu/spark-2.1.1-bin-hadoop2.7/jars/zookeeper-3.4.6.jar
7f0b28e39000-7f0b28e3f000 r--s 00040000 ca:01 261709                     /home/ubuntu/spark-2.1.1-bin-hadoop2.7/jars/parquet-encoding-1.8.1.jar
7f0b28e3f000-7f0b28e44000 r--s 00036000 ca:01 261574                     /home/ubuntu/spark-2.1.1-bin-hadoop2.7/jars/commons-compress-1.4.1.jar
7f0b28e44000-7f0b28e71000 r--s 001d4000 ca:01 261863                     /home/ubuntu/spark-2.1.1-bin-hadoop2.7/jars/spark-streaming_2.11-2.1.1.jar
7f0b28e71000-7f0b28e74000 r--s 00022000 ca:01 261806                     /home/ubuntu/spark-2.1.1-bin-hadoop2.7/jars/stringtemplate-3.2.1.jar
7f0b28e74000-7f0b28e7b000 r--s 00036000 ca:01 261624                     /home/ubuntu/spark-2.1.1-bin-hadoop2.7/jars/curator-recipes-2.6.0.jar
7f0b28e7b000-7f0b28e7f000 r--s 00029000 ca:01 261548                     /home/ubuntu/spark-2.1.1-bin-hadoop2.7/jars/breeze-macros_2.11-0.12.jar
7f0b28e7f000-7f0b28e83000 r--s 00036000 ca:01 261851                     /home/ubuntu/spark-2.1.1-bin-hadoop2.7/jars/ST4-4.0.4.jar
7f0b28e83000-7f0b28e87000 r--s 00018000 ca:01 261584                     /home/ubuntu/spark-2.1.1-bin-hadoop2.7/jars/metrics-core-3.1.2.jar
7f0b28e87000-7f0b28e95000 r--s 000b1000 ca:01 261754                     /home/ubuntu/spark-2.1.1-bin-hadoop2.7/jars/jackson-mapper-asl-1.9.13.jar
7f0b28e95000-7f0b28ea5000 r--s 000a0000 ca:01 261599                     /home/ubuntu/spark-2.1.1-bin-hadoop2.7/jars/spark-yarn_2.11-2.1.1.jar
7f0b28ea5000-7f0b28ea6000 r--s 00003000 ca:01 261590                     /home/ubuntu/spark-2.1.1-bin-hadoop2.7/jars/spark-tags_2.11-2.1.1.jar
7f0b28ea6000-7f0b28eb8000 r--s 00097000 ca:01 261804                     /home/ubuntu/spark-2.1.1-bin-hadoop2.7/jars/apacheds-kerberos-codec-2.0.0-M15.jar
7f0b28eb8000-7f0b28ebb000 r--s 00017000 ca:01 261800                     /home/ubuntu/spark-2.1.1-bin-hadoop2.7/jars/jaxb-api-2.2.2.jar
7f0b28ebb000-7f0b28ebd000 r--s 00009000 ca:01 261848                     /home/ubuntu/spark-2.1.1-bin-hadoop2.7/jars/objenesis-2.1.jar
7f0b28ebd000-7f0b28f28000 r--s 00784000 ca:01 261535                     /home/ubuntu/spark-2.1.1-bin-hadoop2.7/jars/hadoop-hdfs-2.7.3.jar
7f0b28f28000-7f0b28f2a000 r--s 00010000 ca:01 261752                     /home/ubuntu/spark-2.1.1-bin-hadoop2.7/jars/jersey-media-jaxb-2.22.2.jar
7f0b28f2a000-7f0b28f37000 r--s 00083000 ca:01 261598                     /home/ubuntu/spark-2.1.1-bin-hadoop2.7/jars/commons-collections-3.2.2.jar
7f0b28f37000-7f0b28f3e000 r--s 00051000 ca:01 261542                     /home/ubuntu/spark-2.1.1-bin-hadoop2.7/jars/kryo-shaded-3.0.3.jar
7f0b28f3e000-7f0b28f75000 r--s 00325000 ca:01 261802                     /home/ubuntu/spark-2.1.1-bin-hadoop2.7/jars/calcite-core-1.2.0-incubating.jar
7f0b28f75000-7f0b28f78000 r--s 00012000 ca:01 261602                     /home/ubuntu/spark-2.1.1-bin-hadoop2.7/jars/json4s-ast_2.11-3.2.11.jar
7f0b28f78000-7f0b28f7a000 r--s 0000e000 ca:01 261794                     /home/ubuntu/spark-2.1.1-bin-hadoop2.7/jars/commons-logging-1.1.3.jar
7f0b28f7a000-7f0b29023000 r--s 00a4f000 ca:01 261801                     /home/ubuntu/spark-2.1.1-bin-hadoop2.7/jars/hive-exec-1.2.1.spark2.jar
7f0b29023000-7f0b29024000 r--s 0000b000 ca:01 261631                     /home/ubuntu/spark-2.1.1-bin-hadoop2.7/jars/snappy-0.2.jar
7f0b29024000-7f0b29027000 r--s 00028000 ca:01 261541                     /home/ubuntu/spark-2.1.1-bin-hadoop2.7/jars/stream-2.7.0.jar
7f0b29027000-7f0b2905b000 r--s 00277000 ca:01 261592                     /home/ubuntu/spark-2.1.1-bin-hadoop2.7/jars/parquet-hadoop-bundle-1.6.0.jar
7f0b2905b000-7f0b2905f000 r--s 0000c000 ca:01 261617                     /home/ubuntu/spark-2.1.1-bin-hadoop2.7/jars/validation-api-1.1.0.Final.jar
7f0b2905f000-7f0b29088000 r--s 001ee000 ca:01 261862                     /home/ubuntu/spark-2.1.1-bin-hadoop2.7/jars/guava-14.0.1.jar
7f0b29088000-7f0b29095000 r--s 00071000 ca:01 261832                     /home/ubuntu/spark-2.1.1-bin-hadoop2.7/jars/jackson-module-scala_2.11-2.6.5.jar
7f0b29095000-7f0b290ae000 r--s 00114000 ca:01 261577                     /home/ubuntu/spark-2.1.1-bin-hadoop2.7/jars/spark-hive_2.11-2.1.1.jar
7f0b290ae000-7f0b290c6000 r--s 00115000 ca:01 261824                     /home/ubuntu/spark-2.1.1-bin-hadoop2.7/jars/netty-3.8.0.Final.jar
7f0b290c6000-7f0b2911f000 r--s 00522000 ca:01 261865                     /home/ubuntu/spark-2.1.1-bin-hadoop2.7/jars/scala-library-2.11.8.jar
7f0b2911f000-7f0b29126000 r--s 00049000 ca:01 261852                     /home/ubuntu/spark-2.1.1-bin-hadoop2.7/jars/univocity-parsers-2.2.1.jar
7f0b29126000-7f0b29172000 r--s 00411000 ca:01 261857                     /home/ubuntu/spark-2.1.1-bin-hadoop2.7/jars/scala-reflect-2.11.8.jar
7f0b29172000-7f0b29180000 r--s 0009d000 ca:01 261614                     /home/ubuntu/spark-2.1.1-bin-hadoop2.7/jars/jersey-common-2.22.2.jar
7f0b29180000-7f0b2918a000 r--s 000aa000 ca:01 261762                     /home/ubuntu/spark-2.1.1-bin-hadoop2.7/jars/janino-3.0.0.jar
7f0b2918a000-7f0b2918b000 r--s 00008000 ca:01 261844                     /home/ubuntu/spark-2.1.1-bin-hadoop2.7/jars/commons-compiler-3.0.0.jar
7f0b2918b000-7f0b29194000 r--s 00097000 ca:01 261837                     /home/ubuntu/spark-2.1.1-bin-hadoop2.7/jars/pmml-model-1.2.15.jar
7f0b29194000-7f0b29196000 r--s 00005000 ca:01 261741                     /home/ubuntu/spark-2.1.1-bin-hadoop2.7/jars/stax-api-1.0.1.jar
7f0b29196000-7f0b2919a000 r--s 00035000 ca:01 261597                     /home/ubuntu/spark-2.1.1-bin-hadoop2.7/jars/jackson-core-asl-1.9.13.jar
7f0b2919a000-7f0b2919d000 r--s 00019000 ca:01 261530                     /home/ubuntu/spark-2.1.1-bin-hadoop2.7/jars/bonecp-0.8.0.RELEASE.jar
7f0b2919d000-7f0b2919f000 r--s 00038000 ca:01 261789                     /home/ubuntu/spark-2.1.1-bin-hadoop2.7/jars/lz4-1.3.0.jar
7f0b2919f000-7f0b291b8000 r--s 00164000 ca:01 261738                     /home/ubuntu/spark-2.1.1-bin-hadoop2.7/jars/hadoop-mapreduce-client-core-2.7.3.jar
7f0b291b8000-7f0b291bb000 r--s 00026000 ca:01 261792                     /home/ubuntu/spark-2.1.1-bin-hadoop2.7/jars/hadoop-yarn-client-2.7.3.jar
7f0b291bb000-7f0b291bd000 r--s 00017000 ca:01 261607                     /home/ubuntu/spark-2.1.1-bin-hadoop2.7/jars/hive-jdbc-1.2.1.spark2.jar
7f0b291bd000-7f0b2923e000 r--s 005d9000 ca:01 261746                     /home/ubuntu/spark-2.1.1-bin-hadoop2.7/jars/spark-sql_2.11-2.1.1.jar
7f0b2923e000-7f0b2923f000 r--s 00006000 ca:01 261755                     /home/ubuntu/spark-2.1.1-bin-hadoop2.7/jars/hadoop-client-2.7.3.jar
7f0b2923f000-7f0b29246000 r--s 00058000 ca:01 261609                     /home/ubuntu/spark-2.1.1-bin-hadoop2.7/jars/hadoop-yarn-server-common-2.7.3.jar
7f0b29246000-7f0b29247000 r--s 0000a000 ca:01 261616                     /home/ubuntu/spark-2.1.1-bin-hadoop2.7/jars/apacheds-i18n-2.0.0-M15.jar
7f0b29247000-7f0b29248000 r--s 00000000 ca:01 261600                     /home/ubuntu/spark-2.1.1-bin-hadoop2.7/jars/javax.inject-1.jar
7f0b29248000-7f0b2924e000 r--s 00045000 ca:01 261605                     /home/ubuntu/spark-2.1.1-bin-hadoop2.7/jars/commons-httpclient-3.1.jar
7f0b2924e000-7f0b2925b000 r--s 000a7000 ca:01 261627                     /home/ubuntu/spark-2.1.1-bin-hadoop2.7/jars/httpclient-4.5.2.jar
7f0b2925b000-7f0b2925d000 r--s 0001f000 ca:01 261825                     /home/ubuntu/spark-2.1.1-bin-hadoop2.7/jars/commons-crypto-1.0.0.jar
7f0b2925d000-7f0b29262000 r--s 0002a000 ca:01 261735                     /home/ubuntu/spark-2.1.1-bin-hadoop2.7/jars/gson-2.2.4.jar
7f0b29262000-7f0b292a2000 r--s 00277000 ca:01 261767                     /home/ubuntu/spark-2.1.1-bin-hadoop2.7/jars/bcprov-jdk15on-1.51.jar
7f0b292a2000-7f0b292a5000 r--s 00016000 ca:01 261593                     /home/ubuntu/spark-2.1.1-bin-hadoop2.7/jars/jsp-api-2.1.jar
7f0b292a5000-7f0b292a6000 r--s 00001000 ca:01 261838                     /home/ubuntu/spark-2.1.1-bin-hadoop2.7/jars/javax.inject-2.4.0-b34.jar
7f0b292a6000-7f0b292a7000 r--s 00002000 ca:01 261586                     /home/ubuntu/spark-2.1.1-bin-hadoop2.7/jars/java-xmlbuilder-1.0.jar
7f0b292a7000-7f0b292a9000 r--s 00015000 ca:01 261547                     /home/ubuntu/spark-2.1.1-bin-hadoop2.7/jars/hadoop-auth-2.7.3.jar
7f0b292a9000-7f0b292ad000 r--s 0002f000 ca:01 261795                     /home/ubuntu/spark-2.1.1-bin-hadoop2.7/jars/commons-beanutils-core-1.8.0.jar
7f0b292ad000-7f0b292dc000 r--s 002e5000 ca:01 261846                     /home/ubuntu/spark-2.1.1-bin-hadoop2.7/jars/derby-10.12.1.1.jar
7f0b292dc000-7f0b292de000 r--s 00008000 ca:01 261544                     /home/ubuntu/spark-2.1.1-bin-hadoop2.7/jars/metrics-jvm-3.1.2.jar
7f0b292de000-7f0b292e1000 r--s 00015000 ca:01 261723                     /home/ubuntu/spark-2.1.1-bin-hadoop2.7/jars/pyrolite-4.13.jar
7f0b292e1000-7f0b292e3000 r--s 0000e000 ca:01 261760                     /home/ubuntu/spark-2.1.1-bin-hadoop2.7/jars/spark-repl_2.11-2.1.1.jar
7f0b292e3000-7f0b292ec000 r--s 0006f000 ca:01 261724                     /home/ubuntu/spark-2.1.1-bin-hadoop2.7/jars/log4j-1.2.17.jar
7f0b292ec000-7f0b292f0000 r--s 00025000 ca:01 261850                     /home/ubuntu/spark-2.1.1-bin-hadoop2.7/jars/jersey-client-2.22.2.jar
7f0b292f0000-7f0b292f7000 r--s 00058000 ca:01 261589                     /home/ubuntu/spark-2.1.1-bin-hadoop2.7/jars/parquet-format-2.3.0-incubating.jar
7f0b292f7000-7f0b292f9000 r--s 00003000 ca:01 261615                     /home/ubuntu/spark-2.1.1-bin-hadoop2.7/jars/api-asn1-api-1.0.0-M20.jar
7f0b292f9000-7f0b29303000 r--s 0007b000 ca:01 261847                     /home/ubuntu/spark-2.1.1-bin-hadoop2.7/jars/hadoop-mapreduce-client-app-2.7.3.jar
7f0b29303000-7f0b29306000 r--s 0000e000 ca:01 261575                     /home/ubuntu/spark-2.1.1-bin-hadoop2.7/jars/jersey-container-servlet-core-2.22.2.jar
7f0b29306000-7f0b2930a000 r--s 00025000 ca:01 261538                     /home/ubuntu/spark-2.1.1-bin-hadoop2.7/jars/antlr-runtime-3.4.jar
7f0b2930a000-7f0b2931b000 r--s 00089000 ca:01 261623                     /home/ubuntu/spark-2.1.1-bin-hadoop2.7/jars/joda-time-2.9.3.jar
7f0b2931b000-7f0b2931d000 r--s 00005000 ca:01 261743                     /home/ubuntu/spark-2.1.1-bin-hadoop2.7/jars/javax.annotation-api-1.2.jar
7f0b2931d000-7f0b29322000 r--s 00032000 ca:01 261864                     /home/ubuntu/spark-2.1.1-bin-hadoop2.7/jars/chill_2.11-0.8.0.jar
7f0b29322000-7f0b2932d000 r--s 0005d000 ca:01 261853                     /home/ubuntu/spark-2.1.1-bin-hadoop2.7/jars/scala-parser-combinators_2.11-1.0.4.jar
7f0b2932d000-7f0b2933f000 r--s 00112000 ca:01 261835                     /home/ubuntu/spark-2.1.1-bin-hadoop2.7/jars/arpack_combined_all-0.1.jar
7f0b2933f000-7f0b29357000 r--s 000d6000 ca:01 261571                     /home/ubuntu/spark-2.1.1-bin-hadoop2.7/jars/jersey-guava-2.22.2.jar
7f0b29357000-7f0b2935d000 r--s 0002c000 ca:01 261828                     /home/ubuntu/spark-2.1.1-bin-hadoop2.7/jars/jdo-api-3.0.1.jar
7f0b2935d000-7f0b29364000 r--s 00046000 ca:01 261797                     /home/ubuntu/spark-2.1.1-bin-hadoop2.7/jars/libfb303-0.9.3.jar
7f0b29364000-7f0b29366000 r--s 00010000 ca:01 261622                     /home/ubuntu/spark-2.1.1-bin-hadoop2.7/jars/hadoop-mapreduce-client-shuffle-2.7.3.jar
7f0b29366000-7f0b29368000 r--s 00000000 ca:01 261836                     /home/ubuntu/spark-2.1.1-bin-hadoop2.7/jars/jul-to-slf4j-1.7.16.jar
7f0b29368000-7f0b2936b000 r--s 00014000 ca:01 261761                     /home/ubuntu/spark-2.1.1-bin-hadoop2.7/jars/super-csv-2.2.0.jar
7f0b2936b000-7f0b2937d000 r--s 000b3000 ca:01 261829                     /home/ubuntu/spark-2.1.1-bin-hadoop2.7/jars/scalap-2.11.8.jar
7f0b2937d000-7f0b2937f000 r--s 00003000 ca:01 261843                     /home/ubuntu/spark-2.1.1-bin-hadoop2.7/jars/base64-2.3.8.jar
7f0b2937f000-7f0b29381000 r--s 00003000 ca:01 261570                     /home/ubuntu/spark-2.1.1-bin-hadoop2.7/jars/jersey-container-servlet-2.22.2.jar
7f0b29381000-7f0b2938b000 r--s 000a5000 ca:01 261766                     /home/ubuntu/spark-2.1.1-bin-hadoop2.7/jars/javassist-3.18.1-GA.jar
7f0b2938b000-7f0b293a3000 r--s 00115000 ca:01 261537                     /home/ubuntu/spark-2.1.1-bin-hadoop2.7/jars/xercesImpl-2.9.1.jar
7f0b293a3000-7f0b293a6000 r--s 00021000 ca:01 261596                     /home/ubuntu/spark-2.1.1-bin-hadoop2.7/jars/xbean-asm5-shaded-4.4.jar
7f0b293a6000-7f0b293a9000 r--s 00025000 ca:01 261618                     /home/ubuntu/spark-2.1.1-bin-hadoop2.7/jars/commons-dbcp-1.4.jar
7f0b293a9000-7f0b293d0000 r--s 0020f000 ca:01 261726                     /home/ubuntu/spark-2.1.1-bin-hadoop2.7/jars/netty-all-4.0.42.Final.jar
7f0b293d0000-7f0b293d3000 r--s 00015000 ca:01 261620                     /home/ubuntu/spark-2.1.1-bin-hadoop2.7/jars/commons-pool-1.5.4.jar
7f0b293d3000-7f0b29428000 r--s 0069c000 ca:01 261595                     /home/ubuntu/spark-2.1.1-bin-hadoop2.7/jars/spire_2.11-0.7.4.jar
7f0b29428000-7f0b2942a000 r--s 00004000 ca:01 261787                     /home/ubuntu/spark-2.1.1-bin-hadoop2.7/jars/metrics-graphite-3.1.2.jar
7f0b2942a000-7f0b2942f000 r--s 00027000 ca:01 261861                     /home/ubuntu/spark-2.1.1-bin-hadoop2.7/jars/hk2-api-2.4.0-b34.jar
7f0b2942f000-7f0b29435000 r--s 00034000 ca:01 261799                     /home/ubuntu/spark-2.1.1-bin-hadoop2.7/jars/libthrift-0.9.3.jar
7f0b29435000-7f0b29450000 r--s 001d6000 ca:01 286319                     /usr/lib/jvm/java-8-openjdk-amd64/jre/lib/ext/nashorn.jar
7f0b29450000-7f0b2946b000 r--s 00394000 ca:01 286322                     /usr/lib/jvm/java-8-openjdk-amd64/jre/lib/ext/cldrdata.jar
7f0b2946b000-7f0b2946c000 ---p 00000000 00:00 0 
7f0b2946c000-7f0b2956c000 rw-p 00000000 00:00 0 
7f0b2956c000-7f0b2956f000 ---p 00000000 00:00 0 
7f0b2956f000-7f0b2966d000 rw-p 00000000 00:00 0 
7f0b2966d000-7f0b29670000 ---p 00000000 00:00 0 
7f0b29670000-7f0b2976e000 rw-p 00000000 00:00 0 
7f0b2976e000-7f0b29771000 ---p 00000000 00:00 0 
7f0b29771000-7f0b2986f000 rw-p 00000000 00:00 0 
7f0b2986f000-7f0b29872000 ---p 00000000 00:00 0 
7f0b29872000-7f0b29970000 rw-p 00000000 00:00 0 
7f0b29970000-7f0b29b08000 r--p 00000000 ca:01 29052                      /usr/lib/locale/locale-archive
7f0b29b08000-7f0b29b0b000 ---p 00000000 00:00 0 
7f0b29b0b000-7f0b29c09000 rw-p 00000000 00:00 0 
7f0b29c09000-7f0b29c0c000 ---p 00000000 00:00 0 
7f0b29c0c000-7f0b29d0a000 rw-p 00000000 00:00 0 
7f0b29d0a000-7f0b29d0b000 ---p 00000000 00:00 0 
7f0b29d0b000-7f0b29e0b000 rw-p 00000000 00:00 0 
7f0b29e0b000-7f0b29fdb000 r--s 03c5c000 ca:01 286303                     /usr/lib/jvm/java-8-openjdk-amd64/jre/lib/rt.jar
7f0b29fdb000-7f0b2a851000 rw-p 00000000 00:00 0 
7f0b2a851000-7f0b2a8cc000 rw-p 00000000 00:00 0 
7f0b2a8cc000-7f0b2a9a7000 ---p 00000000 00:00 0 
7f0b2a9a7000-7f0b2a9e1000 rw-p 00000000 00:00 0 
7f0b2a9e1000-7f0b2aa51000 ---p 00000000 00:00 0 
7f0b2aa51000-7f0b2aacc000 rw-p 00000000 00:00 0 
7f0b2aacc000-7f0b2aba7000 ---p 00000000 00:00 0 
7f0b2aba7000-7f0b2ac28000 rw-p 00000000 00:00 0 
7f0b2ac28000-7f0b2af68000 ---p 00000000 00:00 0 
7f0b2af68000-7f0b2af70000 r-xp 00000000 ca:01 286357                     /usr/lib/jvm/java-8-openjdk-amd64/jre/lib/amd64/libzip.so
7f0b2af70000-7f0b2b16f000 ---p 00008000 ca:01 286357                     /usr/lib/jvm/java-8-openjdk-amd64/jre/lib/amd64/libzip.so
7f0b2b16f000-7f0b2b170000 r--p 00007000 ca:01 286357                     /usr/lib/jvm/java-8-openjdk-amd64/jre/lib/amd64/libzip.so
7f0b2b170000-7f0b2b171000 rw-p 00008000 ca:01 286357                     /usr/lib/jvm/java-8-openjdk-amd64/jre/lib/amd64/libzip.so
7f0b2b171000-7f0b2b17c000 r-xp 00000000 ca:01 1993                       /lib/x86_64-linux-gnu/libnss_files-2.23.so
7f0b2b17c000-7f0b2b37b000 ---p 0000b000 ca:01 1993                       /lib/x86_64-linux-gnu/libnss_files-2.23.so
7f0b2b37b000-7f0b2b37c000 r--p 0000a000 ca:01 1993                       /lib/x86_64-linux-gnu/libnss_files-2.23.so
7f0b2b37c000-7f0b2b37d000 rw-p 0000b000 ca:01 1993                       /lib/x86_64-linux-gnu/libnss_files-2.23.so
7f0b2b37d000-7f0b2b383000 rw-p 00000000 00:00 0 
7f0b2b383000-7f0b2b38e000 r-xp 00000000 ca:01 1997                       /lib/x86_64-linux-gnu/libnss_nis-2.23.so
7f0b2b38e000-7f0b2b58d000 ---p 0000b000 ca:01 1997                       /lib/x86_64-linux-gnu/libnss_nis-2.23.so
7f0b2b58d000-7f0b2b58e000 r--p 0000a000 ca:01 1997                       /lib/x86_64-linux-gnu/libnss_nis-2.23.so
7f0b2b58e000-7f0b2b58f000 rw-p 0000b000 ca:01 1997                       /lib/x86_64-linux-gnu/libnss_nis-2.23.so
7f0b2b58f000-7f0b2b5a5000 r-xp 00000000 ca:01 1977                       /lib/x86_64-linux-gnu/libnsl-2.23.so
7f0b2b5a5000-7f0b2b7a4000 ---p 00016000 ca:01 1977                       /lib/x86_64-linux-gnu/libnsl-2.23.so
7f0b2b7a4000-7f0b2b7a5000 r--p 00015000 ca:01 1977                       /lib/x86_64-linux-gnu/libnsl-2.23.so
7f0b2b7a5000-7f0b2b7a6000 rw-p 00016000 ca:01 1977                       /lib/x86_64-linux-gnu/libnsl-2.23.so
7f0b2b7a6000-7f0b2b7a8000 rw-p 00000000 00:00 0 
7f0b2b7a8000-7f0b2b7b0000 r-xp 00000000 ca:01 1988                       /lib/x86_64-linux-gnu/libnss_compat-2.23.so
7f0b2b7b0000-7f0b2b9af000 ---p 00008000 ca:01 1988                       /lib/x86_64-linux-gnu/libnss_compat-2.23.so
7f0b2b9af000-7f0b2b9b0000 r--p 00007000 ca:01 1988                       /lib/x86_64-linux-gnu/libnss_compat-2.23.so
7f0b2b9b0000-7f0b2b9b1000 rw-p 00008000 ca:01 1988                       /lib/x86_64-linux-gnu/libnss_compat-2.23.so
7f0b2b9b1000-7f0b2b9da000 r-xp 00000000 ca:01 286342                     /usr/lib/jvm/java-8-openjdk-amd64/jre/lib/amd64/libjava.so
7f0b2b9da000-7f0b2bbd9000 ---p 00029000 ca:01 286342                     /usr/lib/jvm/java-8-openjdk-amd64/jre/lib/amd64/libjava.so
7f0b2bbd9000-7f0b2bbda000 r--p 00028000 ca:01 286342                     /usr/lib/jvm/java-8-openjdk-amd64/jre/lib/amd64/libjava.so
7f0b2bbda000-7f0b2bbdc000 rw-p 00029000 ca:01 286342                     /usr/lib/jvm/java-8-openjdk-amd64/jre/lib/amd64/libjava.so
7f0b2bbdc000-7f0b2bbeb000 r-xp 00000000 ca:01 286359                     /usr/lib/jvm/java-8-openjdk-amd64/jre/lib/amd64/libverify.so
7f0b2bbeb000-7f0b2bdea000 ---p 0000f000 ca:01 286359                     /usr/lib/jvm/java-8-openjdk-amd64/jre/lib/amd64/libverify.so
7f0b2bdea000-7f0b2bdec000 r--p 0000e000 ca:01 286359                     /usr/lib/jvm/java-8-openjdk-amd64/jre/lib/amd64/libverify.so
7f0b2bdec000-7f0b2bded000 rw-p 00010000 ca:01 286359                     /usr/lib/jvm/java-8-openjdk-amd64/jre/lib/amd64/libverify.so
7f0b2bded000-7f0b2bdf4000 r-xp 00000000 ca:01 1998                       /lib/x86_64-linux-gnu/librt-2.23.so
7f0b2bdf4000-7f0b2bff3000 ---p 00007000 ca:01 1998                       /lib/x86_64-linux-gnu/librt-2.23.so
7f0b2bff3000-7f0b2bff4000 r--p 00006000 ca:01 1998                       /lib/x86_64-linux-gnu/librt-2.23.so
7f0b2bff4000-7f0b2bff5000 rw-p 00007000 ca:01 1998                       /lib/x86_64-linux-gnu/librt-2.23.so
7f0b2bff5000-7f0b2c00b000 r-xp 00000000 ca:01 1975                       /lib/x86_64-linux-gnu/libgcc_s.so.1
7f0b2c00b000-7f0b2c20a000 ---p 00016000 ca:01 1975                       /lib/x86_64-linux-gnu/libgcc_s.so.1
7f0b2c20a000-7f0b2c20b000 rw-p 00015000 ca:01 1975                       /lib/x86_64-linux-gnu/libgcc_s.so.1
7f0b2c20b000-7f0b2c313000 r-xp 00000000 ca:01 1976                       /lib/x86_64-linux-gnu/libm-2.23.so
7f0b2c313000-7f0b2c512000 ---p 00108000 ca:01 1976                       /lib/x86_64-linux-gnu/libm-2.23.so
7f0b2c512000-7f0b2c513000 r--p 00107000 ca:01 1976                       /lib/x86_64-linux-gnu/libm-2.23.so
7f0b2c513000-7f0b2c514000 rw-p 00108000 ca:01 1976                       /lib/x86_64-linux-gnu/libm-2.23.so
7f0b2c514000-7f0b2c686000 r-xp 00000000 ca:01 7979                       /usr/lib/x86_64-linux-gnu/libstdc++.so.6.0.21
7f0b2c686000-7f0b2c886000 ---p 00172000 ca:01 7979                       /usr/lib/x86_64-linux-gnu/libstdc++.so.6.0.21
7f0b2c886000-7f0b2c890000 r--p 00172000 ca:01 7979                       /usr/lib/x86_64-linux-gnu/libstdc++.so.6.0.21
7f0b2c890000-7f0b2c892000 rw-p 0017c000 ca:01 7979                       /usr/lib/x86_64-linux-gnu/libstdc++.so.6.0.21
7f0b2c892000-7f0b2c896000 rw-p 00000000 00:00 0 
7f0b2c896000-7f0b2d4fa000 r-xp 00000000 ca:01 286369                     /usr/lib/jvm/java-8-openjdk-amd64/jre/lib/amd64/server/libjvm.so
7f0b2d4fa000-7f0b2d6f9000 ---p 00c64000 ca:01 286369                     /usr/lib/jvm/java-8-openjdk-amd64/jre/lib/amd64/server/libjvm.so
7f0b2d6f9000-7f0b2d78d000 r--p 00c63000 ca:01 286369                     /usr/lib/jvm/java-8-openjdk-amd64/jre/lib/amd64/server/libjvm.so
7f0b2d78d000-7f0b2d7b6000 rw-p 00cf7000 ca:01 286369                     /usr/lib/jvm/java-8-openjdk-amd64/jre/lib/amd64/server/libjvm.so
7f0b2d7b6000-7f0b2d7e6000 rw-p 00000000 00:00 0 
7f0b2d7e6000-7f0b2d7fe000 r-xp 00000000 ca:01 1979                       /lib/x86_64-linux-gnu/libpthread-2.23.so
7f0b2d7fe000-7f0b2d9fd000 ---p 00018000 ca:01 1979                       /lib/x86_64-linux-gnu/libpthread-2.23.so
7f0b2d9fd000-7f0b2d9fe000 r--p 00017000 ca:01 1979                       /lib/x86_64-linux-gnu/libpthread-2.23.so
7f0b2d9fe000-7f0b2d9ff000 rw-p 00018000 ca:01 1979                       /lib/x86_64-linux-gnu/libpthread-2.23.so
7f0b2d9ff000-7f0b2da03000 rw-p 00000000 00:00 0 
7f0b2da03000-7f0b2da06000 r-xp 00000000 ca:01 1982                       /lib/x86_64-linux-gnu/libdl-2.23.so
7f0b2da06000-7f0b2dc05000 ---p 00003000 ca:01 1982                       /lib/x86_64-linux-gnu/libdl-2.23.so
7f0b2dc05000-7f0b2dc06000 r--p 00002000 ca:01 1982                       /lib/x86_64-linux-gnu/libdl-2.23.so
7f0b2dc06000-7f0b2dc07000 rw-p 00003000 ca:01 1982                       /lib/x86_64-linux-gnu/libdl-2.23.so
7f0b2dc07000-7f0b2dc20000 r-xp 00000000 ca:01 2129                       /lib/x86_64-linux-gnu/libz.so.1.2.8
7f0b2dc20000-7f0b2de1f000 ---p 00019000 ca:01 2129                       /lib/x86_64-linux-gnu/libz.so.1.2.8
7f0b2de1f000-7f0b2de20000 r--p 00018000 ca:01 2129                       /lib/x86_64-linux-gnu/libz.so.1.2.8
7f0b2de20000-7f0b2de21000 rw-p 00019000 ca:01 2129                       /lib/x86_64-linux-gnu/libz.so.1.2.8
7f0b2de21000-7f0b2dfe1000 r-xp 00000000 ca:01 1980                       /lib/x86_64-linux-gnu/libc-2.23.so
7f0b2dfe1000-7f0b2e1e1000 ---p 001c0000 ca:01 1980                       /lib/x86_64-linux-gnu/libc-2.23.so
7f0b2e1e1000-7f0b2e1e5000 r--p 001c0000 ca:01 1980                       /lib/x86_64-linux-gnu/libc-2.23.so
7f0b2e1e5000-7f0b2e1e7000 rw-p 001c4000 ca:01 1980                       /lib/x86_64-linux-gnu/libc-2.23.so
7f0b2e1e7000-7f0b2e1eb000 rw-p 00000000 00:00 0 
7f0b2e1eb000-7f0b2e1f8000 r-xp 00000000 ca:01 286351                     /usr/lib/jvm/java-8-openjdk-amd64/jre/lib/amd64/jli/libjli.so
7f0b2e1f8000-7f0b2e3f7000 ---p 0000d000 ca:01 286351                     /usr/lib/jvm/java-8-openjdk-amd64/jre/lib/amd64/jli/libjli.so
7f0b2e3f7000-7f0b2e3f8000 r--p 0000c000 ca:01 286351                     /usr/lib/jvm/java-8-openjdk-amd64/jre/lib/amd64/jli/libjli.so
7f0b2e3f8000-7f0b2e3f9000 rw-p 0000d000 ca:01 286351                     /usr/lib/jvm/java-8-openjdk-amd64/jre/lib/amd64/jli/libjli.so
7f0b2e3f9000-7f0b2e41f000 r-xp 00000000 ca:01 1978                       /lib/x86_64-linux-gnu/ld-2.23.so
7f0b2e41f000-7f0b2e420000 r--s 00009000 ca:01 261534                     /home/ubuntu/spark-2.1.1-bin-hadoop2.7/jars/hadoop-annotations-2.7.3.jar
7f0b2e420000-7f0b2e421000 r--s 00003000 ca:01 261827                     /home/ubuntu/spark-2.1.1-bin-hadoop2.7/jars/metrics-json-3.1.2.jar
7f0b2e421000-7f0b2e423000 r--s 0000f000 ca:01 261715                     /home/ubuntu/spark-2.1.1-bin-hadoop2.7/jars/curator-client-2.6.0.jar
7f0b2e423000-7f0b2e426000 r--s 0000f000 ca:01 286318                     /usr/lib/jvm/java-8-openjdk-amd64/jre/lib/ext/icedtea-sound.jar
7f0b2e426000-7f0b2e427000 r--s 00010000 ca:01 286325                     /usr/lib/jvm/java-8-openjdk-amd64/jre/lib/ext/zipfs.jar
7f0b2e427000-7f0b2e42a000 r--s 00039000 ca:01 286321                     /usr/lib/jvm/java-8-openjdk-amd64/jre/lib/ext/sunpkcs11.jar
7f0b2e42a000-7f0b2e42b000 r--s 0000a000 ca:01 286320                     /usr/lib/jvm/java-8-openjdk-amd64/jre/lib/ext/jaccess.jar
7f0b2e42b000-7f0b2e42d000 r--s 00001000 ca:01 286323                     /usr/lib/jvm/java-8-openjdk-amd64/jre/lib/ext/dnsns.jar
7f0b2e42d000-7f0b2e437000 r--s 00116000 ca:01 286326                     /usr/lib/jvm/java-8-openjdk-amd64/jre/lib/ext/localedata.jar
7f0b2e437000-7f0b2e508000 rw-p 00000000 00:00 0 
7f0b2e508000-7f0b2e510000 rw-s 00000000 ca:01 257071                     /tmp/hsperfdata_ubuntu/28256
7f0b2e510000-7f0b2e513000 ---p 00000000 00:00 0 
7f0b2e513000-7f0b2e615000 rw-p 00000000 00:00 0 
7f0b2e615000-7f0b2e61a000 r--s 0003c000 ca:01 286324                     /usr/lib/jvm/java-8-openjdk-amd64/jre/lib/ext/sunjce_provider.jar
7f0b2e61a000-7f0b2e61b000 r--s 0000d000 ca:01 286317                     /usr/lib/jvm/java-8-openjdk-amd64/jre/lib/ext/sunec.jar
7f0b2e61b000-7f0b2e61c000 rw-p 00000000 00:00 0 
7f0b2e61c000-7f0b2e61d000 ---p 00000000 00:00 0 
7f0b2e61d000-7f0b2e61e000 rw-p 00000000 00:00 0 
7f0b2e61e000-7f0b2e61f000 r--p 00025000 ca:01 1978                       /lib/x86_64-linux-gnu/ld-2.23.so
7f0b2e61f000-7f0b2e620000 rw-p 00026000 ca:01 1978                       /lib/x86_64-linux-gnu/ld-2.23.so
7f0b2e620000-7f0b2e621000 rw-p 00000000 00:00 0 
7ffc43bc8000-7ffc43be9000 rw-p 00000000 00:00 0                          [stack]
7ffc43bf8000-7ffc43bfb000 r--p 00000000 00:00 0                          [vvar]
7ffc43bfb000-7ffc43bfd000 r-xp 00000000 00:00 0                          [vdso]
ffffffffff600000-ffffffffff601000 r-xp 00000000 00:00 0                  [vsyscall]

VM Arguments:
jvm_args: -Xmx1g 
java_command: org.apache.spark.deploy.SparkSubmit --conf spark.app.name=dataPreparation pyspark-shell
java_class_path (initial): /home/ubuntu/spark-2.1.1-bin-hadoop2.7/conf/:/home/ubuntu/spark-2.1.1-bin-hadoop2.7/jars/libthrift-0.9.3.jar:/home/ubuntu/spark-2.1.1-bin-hadoop2.7/jars/curator-client-2.6.0.jar:/home/ubuntu/spark-2.1.1-bin-hadoop2.7/jars/hk2-api-2.4.0-b34.jar:/home/ubuntu/spark-2.1.1-bin-hadoop2.7/jars/metrics-json-3.1.2.jar:/home/ubuntu/spark-2.1.1-bin-hadoop2.7/jars/metrics-graphite-3.1.2.jar:/home/ubuntu/spark-2.1.1-bin-hadoop2.7/jars/spire_2.11-0.7.4.jar:/home/ubuntu/spark-2.1.1-bin-hadoop2.7/jars/commons-pool-1.5.4.jar:/home/ubuntu/spark-2.1.1-bin-hadoop2.7/jars/netty-all-4.0.42.Final.jar:/home/ubuntu/spark-2.1.1-bin-hadoop2.7/jars/commons-dbcp-1.4.jar:/home/ubuntu/spark-2.1.1-bin-hadoop2.7/jars/xbean-asm5-shaded-4.4.jar:/home/ubuntu/spark-2.1.1-bin-hadoop2.7/jars/xercesImpl-2.9.1.jar:/home/ubuntu/spark-2.1.1-bin-hadoop2.7/jars/hadoop-annotations-2.7.3.jar:/home/ubuntu/spark-2.1.1-bin-hadoop2.7/jars/javassist-3.18.1-GA.jar:/home/ubuntu/spark-2.1.1-bin-hadoop2.7/jars/jersey-container-servlet-2.22.2.jar:/home/ubuntu/spark-2.1.1-bin-hadoop2.7/jars/base64-2.3.8.jar:/home/ubuntu/spark-2.1.1-bin-hadoop2.7/jars/scalap-2.11.8.jar:/home/ubuntu/spark-2.1.1-bin-hadoop2.7/jars/super-csv-2.2.0.jar:/home/ubuntu/spark-2.1.1-bin-hadoop2.7/jars/jul-to-slf4j-1.7.16.jar:/home/ubuntu/spark-2.1.1-bin-hadoop2.7/jars/hadoop-mapreduce-client-shuffle-2.7.3.jar:/home/ubuntu/spark-2.1.1-bin-hadoop2.7/jars/libfb303-0.9.3.jar:/home/ubuntu/spark-2.1.1-bin-hadoop2.7/jars/jdo-api-3.0.1.jar:/home/ubuntu/spark-2.1.1-bin-hadoop2.7/jars/jersey-guava-2.22.2.jar:/home/ubuntu/spark-2.1.1-bin-hadoop2.7/jars/arpack_combined_all-0.1.jar:/home/ubuntu/spark-2.1.1-bin-hadoop2.7/jars/scala-parser-combinators_2.11-1.0.4.jar:/home/ubuntu/spark-2.1.1-bin-hadoop2.7/jars/chill_2.11-0.8.0.jar:/home/ubuntu/spark-2.1.1-bin-hadoop2.7/jars/javax.annotation-api-1.2.jar:/home/ubuntu/spark-2.1.1-bin-hadoop2.7/jars/joda-time-2.9.3.jar:/home/ubuntu/spark-2.1.1-bin-hadoop2.7/jars/antlr-runtime-3.4.jar:/home/u
Launcher Type: SUN_STANDARD

Environment Variables:
PATH=/home/ubuntu/.local/bin:/home/ubuntu/bin:/home/ubuntu/.local/bin:/usr/local/sbin:/usr/local/bin:/usr/sbin:/usr/bin:/sbin:/bin:/usr/games:/usr/local/games:/snap/bin
SHELL=/bin/bash

Signal Handlers:
SIGSEGV: [libjvm.so+0xa783e0], sa_mask[0]=11111111011111111101111111111110, sa_flags=SA_RESTART|SA_SIGINFO
SIGBUS: [libjvm.so+0xa783e0], sa_mask[0]=11111111011111111101111111111110, sa_flags=SA_RESTART|SA_SIGINFO
SIGFPE: [libjvm.so+0x8c0e10], sa_mask[0]=11111111011111111101111111111110, sa_flags=SA_RESTART|SA_SIGINFO
SIGPIPE: [libjvm.so+0x8c0e10], sa_mask[0]=11111111011111111101111111111110, sa_flags=SA_RESTART|SA_SIGINFO
SIGXFSZ: [libjvm.so+0x8c0e10], sa_mask[0]=11111111011111111101111111111110, sa_flags=SA_RESTART|SA_SIGINFO
SIGILL: [libjvm.so+0x8c0e10], sa_mask[0]=11111111011111111101111111111110, sa_flags=SA_RESTART|SA_SIGINFO
SIGUSR1: SIG_DFL, sa_mask[0]=00000000000000000000000000000000, sa_flags=none
SIGUSR2: [libjvm.so+0x8c0cc0], sa_mask[0]=00000000000000000000000000000000, sa_flags=SA_RESTART|SA_SIGINFO
SIGHUP: [libjvm.so+0x8c1350], sa_mask[0]=11111111011111111101111111111110, sa_flags=SA_RESTART|SA_SIGINFO
SIGINT: SIG_IGN, sa_mask[0]=00000000000000000000000000000000, sa_flags=none
SIGTERM: [libjvm.so+0x8c1350], sa_mask[0]=11111111011111111101111111111110, sa_flags=SA_RESTART|SA_SIGINFO
SIGQUIT: [libjvm.so+0x8c1350], sa_mask[0]=11111111011111111101111111111110, sa_flags=SA_RESTART|SA_SIGINFO


---------------  S Y S T E M  ---------------

OS:DISTRIB_ID=Ubuntu
DISTRIB_RELEASE=16.04
DISTRIB_CODENAME=xenial
DISTRIB_DESCRIPTION="Ubuntu 16.04.4 LTS"

uname:Linux 4.4.0-1065-aws #75-Ubuntu SMP Fri Aug 10 11:14:32 UTC 2018 x86_64
libc:glibc 2.23 NPTL 2.23 
rlimit: STACK 8192k, CORE 0k, NPROC 3900, NOFILE 1048576, AS infinity
load average:0.02 0.14 0.08

/proc/meminfo:
MemTotal:        1014500 kB
MemFree:           73884 kB
MemAvailable:      25048 kB
Buffers:            2072 kB
Cached:            35456 kB
SwapCached:            0 kB
Active:           852452 kB
Inactive:          20028 kB
Active(anon):     837780 kB
Inactive(anon):    10348 kB
Active(file):      14672 kB
Inactive(file):     9680 kB
Unevictable:        3652 kB
Mlocked:            3652 kB
SwapTotal:             0 kB
SwapFree:              0 kB
Dirty:               960 kB
Writeback:             0 kB
AnonPages:        838644 kB
Mapped:            17416 kB
Shmem:             10712 kB
Slab:              40144 kB
SReclaimable:      20800 kB
SUnreclaim:        19344 kB
KernelStack:        4096 kB
PageTables:         6372 kB
NFS_Unstable:          0 kB
Bounce:                0 kB
WritebackTmp:          0 kB
CommitLimit:      507248 kB
Committed_AS:    1552548 kB
VmallocTotal:   34359738367 kB
VmallocUsed:           0 kB
VmallocChunk:          0 kB
HardwareCorrupted:     0 kB
AnonHugePages:    264192 kB
CmaTotal:              0 kB
CmaFree:               0 kB
HugePages_Total:       0
HugePages_Free:        0
HugePages_Rsvd:        0
HugePages_Surp:        0
Hugepagesize:       2048 kB
DirectMap4k:       49152 kB
DirectMap2M:      999424 kB

container (cgroup) information:
container_type: cgroupv1
cpu_cpuset_cpus: 0
cpu_memory_nodes: 0
active_processor_count: 1
cpu_quota: -1
cpu_period: 100000
cpu_shares: -1
memory_limit_in_bytes: -1
memory_and_swap_limit_in_bytes: -2
memory_soft_limit_in_bytes: -1
memory_usage_in_bytes: 863571968
memory_max_usage_in_bytes: 893292544


CPU:total 1 (initial active 1) (1 cores per cpu, 1 threads per core) family 6 model 63 stepping 2, cmov, cx8, fxsr, mmx, sse, sse2, sse3, ssse3, sse4.1, sse4.2, popcnt, avx, avx2, aes, clmul, erms, lzcnt, tsc, bmi1, bmi2

/proc/cpuinfo:
processor	: 0
vendor_id	: GenuineIntel
cpu family	: 6
model		: 63
model name	: Intel(R) Xeon(R) CPU E5-2676 v3 @ 2.40GHz
stepping	: 2
microcode	: 0x43
cpu MHz		: 2400.086
cache size	: 30720 KB
physical id	: 0
siblings	: 1
core id		: 0
cpu cores	: 1
apicid		: 0
initial apicid	: 0
fpu		: yes
fpu_exception	: yes
cpuid level	: 13
wp		: yes
flags		: fpu vme de pse tsc msr pae mce cx8 apic sep mtrr pge mca cmov pat pse36 clflush mmx fxsr sse sse2 ht syscall nx rdtscp lm constant_tsc rep_good nopl xtopology eagerfpu pni pclmulqdq ssse3 fma cx16 pcid sse4_1 sse4_2 x2apic movbe popcnt tsc_deadline_timer aes xsave avx f16c rdrand hypervisor lahf_lm abm invpcid_single kaiser fsgsbase bmi1 avx2 smep bmi2 erms invpcid xsaveopt
bugs		: cpu_meltdown spectre_v1 spectre_v2 spec_store_bypass l1tf
bogomips	: 4800.17
clflush size	: 64
cache_alignment	: 64
address sizes	: 46 bits physical, 48 bits virtual
power management:



Memory: 4k page, physical 1014500k(73884k free), swap 0k(0k free)

vm_info: OpenJDK 64-Bit Server VM (25.222-b10) for linux-amd64 JRE (1.8.0_222-8u222-b10-1ubuntu1~16.04.1-b10), built on Jul 18 2019 20:25:18 by "buildd" with gcc 5.4.0 20160609

time: Sun Oct 27 14:56:14 2019
timezone: UTC
elapsed time: 410 seconds (0d 0h 6m 50s)

